INFO:root:Clock Speed: 6
INFO:root:Internal Event: System Time - 1678080250.50174, Logical Clock Time - 1
INFO:root:Sent Message: System Time - 1678080250.671642, Logical Clock Time - 2, Queue Length - 0, Message - [machine 0, task 3] the time is 1
INFO:root:Internal Event: System Time - 1678080250.84388, Logical Clock Time - 3
INFO:root:Sent Message: System Time - 1678080251.016053, Logical Clock Time - 4, Queue Length - 0, Message - [machine 0, task 2] the time is 3
INFO:root:Sent Message: System Time - 1678080251.188389, Logical Clock Time - 5, Queue Length - 0, Message - [machine 0, task 2] the time is 4
INFO:root:Sent Message: System Time - 1678080251.3576589, Logical Clock Time - 6, Queue Length - 0, Message - [machine 0, task 1] the time is 5
INFO:root:Sent Message: System Time - 1678080251.530369, Logical Clock Time - 7, Queue Length - 0, Message - [machine 0, task 3] the time is 6
INFO:root:Sent Message: System Time - 1678080251.7029572, Logical Clock Time - 8, Queue Length - 0, Message - [machine 0, task 3] the time is 7
INFO:root:Internal Event: System Time - 1678080251.873261, Logical Clock Time - 9
INFO:root:Internal Event: System Time - 1678080252.045346, Logical Clock Time - 10
INFO:root:Sent Message: System Time - 1678080252.21553, Logical Clock Time - 11, Queue Length - 0, Message - [machine 0, task 1] the time is 10
INFO:root:Sent Message: System Time - 1678080252.3880188, Logical Clock Time - 12, Queue Length - 0, Message - [machine 0, task 3] the time is 11
INFO:root:Sent Message: System Time - 1678080252.560041, Logical Clock Time - 13, Queue Length - 0, Message - [machine 0, task 2] the time is 12
INFO:root:Sent Message: System Time - 1678080252.7316911, Logical Clock Time - 14, Queue Length - 0, Message - [machine 0, task 3] the time is 13
INFO:root:Sent Message: System Time - 1678080252.90391, Logical Clock Time - 15, Queue Length - 0, Message - [machine 0, task 1] the time is 14
INFO:root:Sent Message: System Time - 1678080253.076397, Logical Clock Time - 16, Queue Length - 0, Message - [machine 0, task 1] the time is 15
INFO:root:Sent Message: System Time - 1678080253.248723, Logical Clock Time - 17, Queue Length - 0, Message - [machine 0, task 3] the time is 16
INFO:root:Internal Event: System Time - 1678080253.421142, Logical Clock Time - 18
INFO:root:Internal Event: System Time - 1678080253.5935218, Logical Clock Time - 19
INFO:root:Internal Event: System Time - 1678080253.765961, Logical Clock Time - 20
INFO:root:Sent Message: System Time - 1678080253.937409, Logical Clock Time - 21, Queue Length - 0, Message - [machine 0, task 2] the time is 20
INFO:root:Sent Message: System Time - 1678080254.109647, Logical Clock Time - 22, Queue Length - 0, Message - [machine 0, task 3] the time is 21
INFO:root:Internal Event: System Time - 1678080254.280786, Logical Clock Time - 23
INFO:root:Received Message: System Time - 1678080254.452975, Logical Clock Time - 24, Queue Length - 0, Message - [machine 1, task 3] the time is 19
INFO:root:Sent Message: System Time - 1678080254.6252081, Logical Clock Time - 25, Queue Length - 0, Message - [machine 0, task 1] the time is 24
INFO:root:Internal Event: System Time - 1678080254.79337, Logical Clock Time - 26
INFO:root:Internal Event: System Time - 1678080254.966035, Logical Clock Time - 27
INFO:root:Sent Message: System Time - 1678080255.1382048, Logical Clock Time - 28, Queue Length - 0, Message - [machine 0, task 2] the time is 27
INFO:root:Sent Message: System Time - 1678080255.307876, Logical Clock Time - 29, Queue Length - 0, Message - [machine 0, task 2] the time is 28
INFO:root:Internal Event: System Time - 1678080255.480382, Logical Clock Time - 30
INFO:root:Internal Event: System Time - 1678080255.648104, Logical Clock Time - 31
INFO:root:Sent Message: System Time - 1678080255.82031, Logical Clock Time - 32, Queue Length - 0, Message - [machine 0, task 2] the time is 31
INFO:root:Internal Event: System Time - 1678080255.9908009, Logical Clock Time - 33
INFO:root:Internal Event: System Time - 1678080256.160168, Logical Clock Time - 34
INFO:root:Sent Message: System Time - 1678080256.330795, Logical Clock Time - 35, Queue Length - 0, Message - [machine 0, task 3] the time is 34
INFO:root:Internal Event: System Time - 1678080256.503104, Logical Clock Time - 36
INFO:root:Internal Event: System Time - 1678080256.6748888, Logical Clock Time - 37
INFO:root:Internal Event: System Time - 1678080256.8424919, Logical Clock Time - 38
INFO:root:Sent Message: System Time - 1678080257.014882, Logical Clock Time - 39, Queue Length - 0, Message - [machine 0, task 2] the time is 38
INFO:root:Sent Message: System Time - 1678080257.1859782, Logical Clock Time - 40, Queue Length - 0, Message - [machine 0, task 3] the time is 39
INFO:root:Internal Event: System Time - 1678080257.3578858, Logical Clock Time - 41
INFO:root:Internal Event: System Time - 1678080257.530231, Logical Clock Time - 42
INFO:root:Sent Message: System Time - 1678080257.698326, Logical Clock Time - 43, Queue Length - 0, Message - [machine 0, task 2] the time is 42
INFO:root:Received Message: System Time - 1678080257.870715, Logical Clock Time - 44, Queue Length - 0, Message - [machine 1, task 3] the time is 36
INFO:root:Internal Event: System Time - 1678080258.043005, Logical Clock Time - 45
INFO:root:Sent Message: System Time - 1678080258.215332, Logical Clock Time - 46, Queue Length - 0, Message - [machine 0, task 3] the time is 45
INFO:root:Sent Message: System Time - 1678080258.3878999, Logical Clock Time - 47, Queue Length - 0, Message - [machine 0, task 1] the time is 46
INFO:root:Internal Event: System Time - 1678080258.559535, Logical Clock Time - 48
INFO:root:Internal Event: System Time - 1678080258.731655, Logical Clock Time - 49
INFO:root:Received Message: System Time - 1678080258.9041522, Logical Clock Time - 50, Queue Length - 0, Message - [machine 1, task 3] the time is 41
INFO:root:Sent Message: System Time - 1678080259.076587, Logical Clock Time - 51, Queue Length - 0, Message - [machine 0, task 3] the time is 50
INFO:root:Internal Event: System Time - 1678080259.248279, Logical Clock Time - 52
INFO:root:Received Message: System Time - 1678080259.419987, Logical Clock Time - 53, Queue Length - 0, Message - [machine 2, task 3] the time is 35
INFO:root:Sent Message: System Time - 1678080259.592447, Logical Clock Time - 54, Queue Length - 0, Message - [machine 0, task 1] the time is 53
INFO:root:Internal Event: System Time - 1678080259.7642329, Logical Clock Time - 55
INFO:root:Received Message: System Time - 1678080259.9365141, Logical Clock Time - 56, Queue Length - 0, Message - [machine 2, task 1] the time is 37
INFO:root:Sent Message: System Time - 1678080260.109013, Logical Clock Time - 57, Queue Length - 0, Message - [machine 0, task 2] the time is 56
INFO:root:Sent Message: System Time - 1678080260.281135, Logical Clock Time - 58, Queue Length - 0, Message - [machine 0, task 3] the time is 57
INFO:root:Sent Message: System Time - 1678080260.449447, Logical Clock Time - 59, Queue Length - 0, Message - [machine 0, task 3] the time is 58
INFO:root:Sent Message: System Time - 1678080260.6175208, Logical Clock Time - 60, Queue Length - 0, Message - [machine 0, task 3] the time is 59
INFO:root:Internal Event: System Time - 1678080260.789747, Logical Clock Time - 61
INFO:root:Received Message: System Time - 1678080260.962164, Logical Clock Time - 62, Queue Length - 0, Message - [machine 1, task 2] the time is 51
INFO:root:Internal Event: System Time - 1678080261.1346471, Logical Clock Time - 63
INFO:root:Received Message: System Time - 1678080261.306653, Logical Clock Time - 64, Queue Length - 0, Message - [machine 2, task 1] the time is 42
INFO:root:Received Message: System Time - 1678080261.474831, Logical Clock Time - 65, Queue Length - 1, Message - [machine 1, task 2] the time is 53
INFO:root:Received Message: System Time - 1678080261.6470962, Logical Clock Time - 66, Queue Length - 0, Message - [machine 2, task 1] the time is 43
INFO:root:Received Message: System Time - 1678080261.819586, Logical Clock Time - 67, Queue Length - 0, Message - [machine 1, task 2] the time is 55
INFO:root:Received Message: System Time - 1678080261.991176, Logical Clock Time - 68, Queue Length - 1, Message - [machine 1, task 2] the time is 56
INFO:root:Received Message: System Time - 1678080262.1635468, Logical Clock Time - 69, Queue Length - 0, Message - [machine 2, task 3] the time is 45
INFO:root:Internal Event: System Time - 1678080262.3318279, Logical Clock Time - 70
INFO:root:Received Message: System Time - 1678080262.503946, Logical Clock Time - 71, Queue Length - 0, Message - [machine 2, task 1] the time is 47
INFO:root:Internal Event: System Time - 1678080262.6763039, Logical Clock Time - 72
INFO:root:Internal Event: System Time - 1678080262.848665, Logical Clock Time - 73
INFO:root:Internal Event: System Time - 1678080263.020799, Logical Clock Time - 74
INFO:root:Internal Event: System Time - 1678080263.1900449, Logical Clock Time - 75
INFO:root:Received Message: System Time - 1678080263.3623931, Logical Clock Time - 76, Queue Length - 0, Message - [machine 2, task 3] the time is 50
INFO:root:Sent Message: System Time - 1678080263.534899, Logical Clock Time - 77, Queue Length - 0, Message - [machine 0, task 1] the time is 76
INFO:root:Internal Event: System Time - 1678080263.7070138, Logical Clock Time - 78
INFO:root:Sent Message: System Time - 1678080263.879543, Logical Clock Time - 79, Queue Length - 0, Message - [machine 0, task 3] the time is 78
INFO:root:Sent Message: System Time - 1678080264.048115, Logical Clock Time - 80, Queue Length - 0, Message - [machine 0, task 1] the time is 79
INFO:root:Internal Event: System Time - 1678080264.220261, Logical Clock Time - 81
INFO:root:Sent Message: System Time - 1678080264.3924758, Logical Clock Time - 82, Queue Length - 0, Message - [machine 0, task 1] the time is 81
INFO:root:Internal Event: System Time - 1678080264.5641978, Logical Clock Time - 83
INFO:root:Sent Message: System Time - 1678080264.736465, Logical Clock Time - 84, Queue Length - 0, Message - [machine 0, task 3] the time is 83
INFO:root:Sent Message: System Time - 1678080264.904432, Logical Clock Time - 85, Queue Length - 0, Message - [machine 0, task 2] the time is 84
INFO:root:Internal Event: System Time - 1678080265.073338, Logical Clock Time - 86
INFO:root:Internal Event: System Time - 1678080265.2456908, Logical Clock Time - 87
INFO:root:Internal Event: System Time - 1678080265.417942, Logical Clock Time - 88
INFO:root:Internal Event: System Time - 1678080265.590258, Logical Clock Time - 89
INFO:root:Internal Event: System Time - 1678080265.7626722, Logical Clock Time - 90
INFO:root:Received Message: System Time - 1678080265.9347122, Logical Clock Time - 91, Queue Length - 0, Message - [machine 1, task 3] the time is 75
INFO:root:Internal Event: System Time - 1678080266.106863, Logical Clock Time - 92
INFO:root:Received Message: System Time - 1678080266.278938, Logical Clock Time - 93, Queue Length - 0, Message - [machine 1, task 2] the time is 77
INFO:root:Sent Message: System Time - 1678080266.4492228, Logical Clock Time - 94, Queue Length - 0, Message - [machine 0, task 3] the time is 93
INFO:root:Sent Message: System Time - 1678080266.619786, Logical Clock Time - 95, Queue Length - 0, Message - [machine 0, task 1] the time is 94
INFO:root:Internal Event: System Time - 1678080266.7923021, Logical Clock Time - 96
INFO:root:Sent Message: System Time - 1678080266.961334, Logical Clock Time - 97, Queue Length - 0, Message - [machine 0, task 1] the time is 96
INFO:root:Internal Event: System Time - 1678080267.1337779, Logical Clock Time - 98
INFO:root:Received Message: System Time - 1678080267.305481, Logical Clock Time - 99, Queue Length - 0, Message - [machine 2, task 3] the time is 66
INFO:root:Internal Event: System Time - 1678080267.473103, Logical Clock Time - 100
INFO:root:Sent Message: System Time - 1678080267.645281, Logical Clock Time - 101, Queue Length - 0, Message - [machine 0, task 1] the time is 100
INFO:root:Sent Message: System Time - 1678080267.817824, Logical Clock Time - 102, Queue Length - 0, Message - [machine 0, task 1] the time is 101
INFO:root:Internal Event: System Time - 1678080267.990319, Logical Clock Time - 103
INFO:root:Sent Message: System Time - 1678080268.16298, Logical Clock Time - 104, Queue Length - 0, Message - [machine 0, task 3] the time is 103
INFO:root:Internal Event: System Time - 1678080268.33542, Logical Clock Time - 105
INFO:root:Internal Event: System Time - 1678080268.507939, Logical Clock Time - 106
INFO:root:Internal Event: System Time - 1678080268.678337, Logical Clock Time - 107
INFO:root:Sent Message: System Time - 1678080268.850667, Logical Clock Time - 108, Queue Length - 0, Message - [machine 0, task 3] the time is 107
INFO:root:Internal Event: System Time - 1678080269.0229099, Logical Clock Time - 109
INFO:root:Received Message: System Time - 1678080269.192469, Logical Clock Time - 110, Queue Length - 0, Message - [machine 1, task 2] the time is 91
INFO:root:Internal Event: System Time - 1678080269.363699, Logical Clock Time - 111
INFO:root:Sent Message: System Time - 1678080269.5359628, Logical Clock Time - 112, Queue Length - 0, Message - [machine 0, task 3] the time is 111
INFO:root:Sent Message: System Time - 1678080269.708394, Logical Clock Time - 113, Queue Length - 0, Message - [machine 0, task 3] the time is 112
INFO:root:Internal Event: System Time - 1678080269.876141, Logical Clock Time - 114
INFO:root:Internal Event: System Time - 1678080270.04761, Logical Clock Time - 115
INFO:root:Received Message: System Time - 1678080270.21982, Logical Clock Time - 116, Queue Length - 0, Message - [machine 2, task 3] the time is 77
INFO:root:Internal Event: System Time - 1678080270.39218, Logical Clock Time - 117
INFO:root:Internal Event: System Time - 1678080270.5642939, Logical Clock Time - 118
INFO:root:Received Message: System Time - 1678080270.731884, Logical Clock Time - 119, Queue Length - 0, Message - [machine 2, task 1] the time is 79
INFO:root:Internal Event: System Time - 1678080270.9004428, Logical Clock Time - 120
INFO:root:Sent Message: System Time - 1678080271.072265, Logical Clock Time - 121, Queue Length - 0, Message - [machine 0, task 3] the time is 120
INFO:root:Sent Message: System Time - 1678080271.244992, Logical Clock Time - 122, Queue Length - 0, Message - [machine 0, task 3] the time is 121
INFO:root:Sent Message: System Time - 1678080271.414138, Logical Clock Time - 123, Queue Length - 0, Message - [machine 0, task 3] the time is 122
INFO:root:Internal Event: System Time - 1678080271.582062, Logical Clock Time - 124
INFO:root:Sent Message: System Time - 1678080271.7504241, Logical Clock Time - 125, Queue Length - 0, Message - [machine 0, task 2] the time is 124
INFO:root:Received Message: System Time - 1678080271.922105, Logical Clock Time - 126, Queue Length - 0, Message - [machine 1, task 3] the time is 104
INFO:root:Internal Event: System Time - 1678080272.091773, Logical Clock Time - 127
INFO:root:Internal Event: System Time - 1678080272.264106, Logical Clock Time - 128
INFO:root:Internal Event: System Time - 1678080272.435931, Logical Clock Time - 129
INFO:root:Internal Event: System Time - 1678080272.6082299, Logical Clock Time - 130
INFO:root:Internal Event: System Time - 1678080272.776721, Logical Clock Time - 131
INFO:root:Internal Event: System Time - 1678080272.947634, Logical Clock Time - 132
INFO:root:Sent Message: System Time - 1678080273.120277, Logical Clock Time - 133, Queue Length - 0, Message - [machine 0, task 1] the time is 132
INFO:root:Internal Event: System Time - 1678080273.29179, Logical Clock Time - 134
INFO:root:Internal Event: System Time - 1678080273.4638221, Logical Clock Time - 135
INFO:root:Internal Event: System Time - 1678080273.636158, Logical Clock Time - 136
INFO:root:Sent Message: System Time - 1678080273.804369, Logical Clock Time - 137, Queue Length - 0, Message - [machine 0, task 2] the time is 136
INFO:root:Received Message: System Time - 1678080273.9767559, Logical Clock Time - 138, Queue Length - 0, Message - [machine 1, task 2] the time is 114
INFO:root:Internal Event: System Time - 1678080274.148581, Logical Clock Time - 139
INFO:root:Received Message: System Time - 1678080274.320756, Logical Clock Time - 140, Queue Length - 0, Message - [machine 1, task 3] the time is 116
INFO:root:Sent Message: System Time - 1678080274.493232, Logical Clock Time - 141, Queue Length - 0, Message - [machine 0, task 1] the time is 140
INFO:root:Internal Event: System Time - 1678080274.661941, Logical Clock Time - 142
INFO:root:Internal Event: System Time - 1678080274.832803, Logical Clock Time - 143
INFO:root:Internal Event: System Time - 1678080275.0005062, Logical Clock Time - 144
INFO:root:Internal Event: System Time - 1678080275.172161, Logical Clock Time - 145
INFO:root:Internal Event: System Time - 1678080275.3413298, Logical Clock Time - 146
INFO:root:Internal Event: System Time - 1678080275.5137742, Logical Clock Time - 147
INFO:root:Received Message: System Time - 1678080275.682945, Logical Clock Time - 148, Queue Length - 0, Message - [machine 1, task 3] the time is 123
INFO:root:Internal Event: System Time - 1678080275.8551722, Logical Clock Time - 149
INFO:root:Internal Event: System Time - 1678080276.022824, Logical Clock Time - 150
INFO:root:Received Message: System Time - 1678080276.193017, Logical Clock Time - 151, Queue Length - 0, Message - [machine 1, task 2] the time is 125
INFO:root:Internal Event: System Time - 1678080276.3608189, Logical Clock Time - 152
INFO:root:Internal Event: System Time - 1678080276.532032, Logical Clock Time - 153
INFO:root:Internal Event: System Time - 1678080276.7020822, Logical Clock Time - 154
INFO:root:Internal Event: System Time - 1678080276.872438, Logical Clock Time - 155
INFO:root:Internal Event: System Time - 1678080277.0441651, Logical Clock Time - 156
INFO:root:Received Message: System Time - 1678080277.216562, Logical Clock Time - 157, Queue Length - 0, Message - [machine 1, task 2] the time is 130
INFO:root:Internal Event: System Time - 1678080277.38873, Logical Clock Time - 158
INFO:root:Received Message: System Time - 1678080277.561226, Logical Clock Time - 159, Queue Length - 0, Message - [machine 1, task 2] the time is 132
INFO:root:Sent Message: System Time - 1678080277.730528, Logical Clock Time - 160, Queue Length - 0, Message - [machine 0, task 2] the time is 159
INFO:root:Internal Event: System Time - 1678080277.9028668, Logical Clock Time - 161
INFO:root:Sent Message: System Time - 1678080278.075161, Logical Clock Time - 162, Queue Length - 0, Message - [machine 0, task 1] the time is 161
INFO:root:Sent Message: System Time - 1678080278.247693, Logical Clock Time - 163, Queue Length - 0, Message - [machine 0, task 3] the time is 162
INFO:root:Internal Event: System Time - 1678080278.420086, Logical Clock Time - 164
INFO:root:Internal Event: System Time - 1678080278.590082, Logical Clock Time - 165
INFO:root:Received Message: System Time - 1678080278.758237, Logical Clock Time - 166, Queue Length - 0, Message - [machine 1, task 3] the time is 138
INFO:root:Internal Event: System Time - 1678080278.9306612, Logical Clock Time - 167
INFO:root:Internal Event: System Time - 1678080279.0989141, Logical Clock Time - 168
INFO:root:Internal Event: System Time - 1678080279.27102, Logical Clock Time - 169
INFO:root:Internal Event: System Time - 1678080279.440285, Logical Clock Time - 170
INFO:root:Internal Event: System Time - 1678080279.612538, Logical Clock Time - 171
INFO:root:Sent Message: System Time - 1678080279.783305, Logical Clock Time - 172, Queue Length - 0, Message - [machine 0, task 1] the time is 171
INFO:root:Internal Event: System Time - 1678080279.955586, Logical Clock Time - 173
INFO:root:Internal Event: System Time - 1678080280.124771, Logical Clock Time - 174
INFO:root:Internal Event: System Time - 1678080280.2970822, Logical Clock Time - 175
INFO:root:Internal Event: System Time - 1678080280.467654, Logical Clock Time - 176
INFO:root:Internal Event: System Time - 1678080280.635085, Logical Clock Time - 177
INFO:root:Received Message: System Time - 1678080280.804, Logical Clock Time - 178, Queue Length - 0, Message - [machine 2, task 3] the time is 119
INFO:root:Internal Event: System Time - 1678080280.972251, Logical Clock Time - 179
INFO:root:Received Message: System Time - 1678080281.143622, Logical Clock Time - 180, Queue Length - 0, Message - [machine 1, task 2] the time is 149
INFO:root:Internal Event: System Time - 1678080281.315605, Logical Clock Time - 181
INFO:root:Received Message: System Time - 1678080281.483029, Logical Clock Time - 182, Queue Length - 0, Message - [machine 1, task 2] the time is 151
INFO:root:Received Message: System Time - 1678080281.6544268, Logical Clock Time - 183, Queue Length - 0, Message - [machine 2, task 1] the time is 122
INFO:root:Received Message: System Time - 1678080281.824667, Logical Clock Time - 184, Queue Length - 0, Message - [machine 2, task 1] the time is 123
INFO:root:Internal Event: System Time - 1678080281.99675, Logical Clock Time - 185
INFO:root:Internal Event: System Time - 1678080282.1688619, Logical Clock Time - 186
INFO:root:Received Message: System Time - 1678080282.341411, Logical Clock Time - 187, Queue Length - 1, Message - [machine 1, task 2] the time is 155
INFO:root:Received Message: System Time - 1678080282.513553, Logical Clock Time - 188, Queue Length - 0, Message - [machine 2, task 1] the time is 125
INFO:root:Sent Message: System Time - 1678080282.6861382, Logical Clock Time - 189, Queue Length - 0, Message - [machine 0, task 3] the time is 188
INFO:root:Sent Message: System Time - 1678080282.858742, Logical Clock Time - 190, Queue Length - 0, Message - [machine 0, task 3] the time is 189
INFO:root:Sent Message: System Time - 1678080283.030611, Logical Clock Time - 191, Queue Length - 0, Message - [machine 0, task 1] the time is 190
INFO:root:Internal Event: System Time - 1678080283.202873, Logical Clock Time - 192
INFO:root:Sent Message: System Time - 1678080283.375558, Logical Clock Time - 193, Queue Length - 0, Message - [machine 0, task 3] the time is 192
INFO:root:Internal Event: System Time - 1678080283.543417, Logical Clock Time - 194
INFO:root:Received Message: System Time - 1678080283.71332, Logical Clock Time - 195, Queue Length - 0, Message - [machine 1, task 2] the time is 162
INFO:root:Received Message: System Time - 1678080283.880607, Logical Clock Time - 196, Queue Length - 0, Message - [machine 1, task 2] the time is 163
INFO:root:Internal Event: System Time - 1678080284.053091, Logical Clock Time - 197
INFO:root:Internal Event: System Time - 1678080284.2251992, Logical Clock Time - 198
INFO:root:Internal Event: System Time - 1678080284.397193, Logical Clock Time - 199
INFO:root:Received Message: System Time - 1678080284.564995, Logical Clock Time - 200, Queue Length - 0, Message - [machine 1, task 3] the time is 166
INFO:root:Internal Event: System Time - 1678080284.7371142, Logical Clock Time - 201
INFO:root:Received Message: System Time - 1678080284.909454, Logical Clock Time - 202, Queue Length - 1, Message - [machine 2, task 1] the time is 135
INFO:root:Received Message: System Time - 1678080285.080999, Logical Clock Time - 203, Queue Length - 0, Message - [machine 1, task 2] the time is 168
INFO:root:Sent Message: System Time - 1678080285.2531068, Logical Clock Time - 204, Queue Length - 0, Message - [machine 0, task 1] the time is 203
INFO:root:Internal Event: System Time - 1678080285.4220428, Logical Clock Time - 205
INFO:root:Sent Message: System Time - 1678080285.594252, Logical Clock Time - 206, Queue Length - 0, Message - [machine 0, task 3] the time is 205
INFO:root:Sent Message: System Time - 1678080285.761635, Logical Clock Time - 207, Queue Length - 0, Message - [machine 0, task 3] the time is 206
INFO:root:Sent Message: System Time - 1678080285.934263, Logical Clock Time - 208, Queue Length - 0, Message - [machine 0, task 3] the time is 207
INFO:root:Internal Event: System Time - 1678080286.1067882, Logical Clock Time - 209
INFO:root:Internal Event: System Time - 1678080286.278986, Logical Clock Time - 210
INFO:root:Internal Event: System Time - 1678080286.4511292, Logical Clock Time - 211
INFO:root:Internal Event: System Time - 1678080286.6234848, Logical Clock Time - 212
INFO:root:Internal Event: System Time - 1678080286.795557, Logical Clock Time - 213
INFO:root:Sent Message: System Time - 1678080286.966341, Logical Clock Time - 214, Queue Length - 0, Message - [machine 0, task 3] the time is 213
INFO:root:Sent Message: System Time - 1678080287.138835, Logical Clock Time - 215, Queue Length - 0, Message - [machine 0, task 3] the time is 214
INFO:root:Internal Event: System Time - 1678080287.3075252, Logical Clock Time - 216
INFO:root:Internal Event: System Time - 1678080287.4782689, Logical Clock Time - 217
INFO:root:Received Message: System Time - 1678080287.647386, Logical Clock Time - 218, Queue Length - 0, Message - [machine 2, task 1] the time is 146
INFO:root:Received Message: System Time - 1678080287.815327, Logical Clock Time - 219, Queue Length - 0, Message - [machine 1, task 2] the time is 182
INFO:root:Received Message: System Time - 1678080287.987498, Logical Clock Time - 220, Queue Length - 0, Message - [machine 2, task 1] the time is 147
INFO:root:Internal Event: System Time - 1678080288.159926, Logical Clock Time - 221
INFO:root:Received Message: System Time - 1678080288.3322, Logical Clock Time - 222, Queue Length - 0, Message - [machine 1, task 3] the time is 185
INFO:root:Internal Event: System Time - 1678080288.504245, Logical Clock Time - 223
INFO:root:Internal Event: System Time - 1678080288.676608, Logical Clock Time - 224
INFO:root:Internal Event: System Time - 1678080288.849055, Logical Clock Time - 225
INFO:root:Received Message: System Time - 1678080289.017133, Logical Clock Time - 226, Queue Length - 0, Message - [machine 2, task 3] the time is 151
INFO:root:Internal Event: System Time - 1678080289.1889658, Logical Clock Time - 227
INFO:root:Internal Event: System Time - 1678080289.3608708, Logical Clock Time - 228
INFO:root:Received Message: System Time - 1678080289.533185, Logical Clock Time - 229, Queue Length - 0, Message - [machine 2, task 1] the time is 153
INFO:root:Sent Message: System Time - 1678080289.702658, Logical Clock Time - 230, Queue Length - 0, Message - [machine 0, task 2] the time is 229
INFO:root:Internal Event: System Time - 1678080289.875077, Logical Clock Time - 231
INFO:root:Received Message: System Time - 1678080290.04735, Logical Clock Time - 232, Queue Length - 0, Message - [machine 1, task 2] the time is 193
INFO:root:Internal Event: System Time - 1678080290.21969, Logical Clock Time - 233
INFO:root:Internal Event: System Time - 1678080290.3917902, Logical Clock Time - 234
INFO:root:Internal Event: System Time - 1678080290.563875, Logical Clock Time - 235
INFO:root:Internal Event: System Time - 1678080290.736253, Logical Clock Time - 236
INFO:root:Sent Message: System Time - 1678080290.908515, Logical Clock Time - 237, Queue Length - 0, Message - [machine 0, task 1] the time is 236
INFO:root:Sent Message: System Time - 1678080291.080655, Logical Clock Time - 238, Queue Length - 0, Message - [machine 0, task 1] the time is 237
INFO:root:Received Message: System Time - 1678080291.252639, Logical Clock Time - 239, Queue Length - 0, Message - [machine 2, task 1] the time is 160
INFO:root:Internal Event: System Time - 1678080291.424803, Logical Clock Time - 240
INFO:root:Internal Event: System Time - 1678080291.595134, Logical Clock Time - 241
INFO:root:Received Message: System Time - 1678080291.767723, Logical Clock Time - 242, Queue Length - 0, Message - [machine 1, task 3] the time is 201
INFO:root:Received Message: System Time - 1678080291.9389088, Logical Clock Time - 243, Queue Length - 0, Message - [machine 1, task 3] the time is 202
INFO:root:Internal Event: System Time - 1678080292.107868, Logical Clock Time - 244
INFO:root:Internal Event: System Time - 1678080292.28014, Logical Clock Time - 245
INFO:root:Internal Event: System Time - 1678080292.452353, Logical Clock Time - 246
INFO:root:Sent Message: System Time - 1678080292.624672, Logical Clock Time - 247, Queue Length - 0, Message - [machine 0, task 2] the time is 246
INFO:root:Sent Message: System Time - 1678080292.7957, Logical Clock Time - 248, Queue Length - 0, Message - [machine 0, task 1] the time is 247
INFO:root:Sent Message: System Time - 1678080292.968412, Logical Clock Time - 249, Queue Length - 0, Message - [machine 0, task 3] the time is 248
INFO:root:Internal Event: System Time - 1678080293.1364748, Logical Clock Time - 250
INFO:root:Received Message: System Time - 1678080293.305716, Logical Clock Time - 251, Queue Length - 0, Message - [machine 1, task 3] the time is 209
INFO:root:Sent Message: System Time - 1678080293.478094, Logical Clock Time - 252, Queue Length - 0, Message - [machine 0, task 1] the time is 251
INFO:root:Internal Event: System Time - 1678080293.6454651, Logical Clock Time - 253
INFO:root:Internal Event: System Time - 1678080293.817615, Logical Clock Time - 254
INFO:root:Received Message: System Time - 1678080293.990089, Logical Clock Time - 255, Queue Length - 0, Message - [machine 1, task 2] the time is 212
INFO:root:Sent Message: System Time - 1678080294.162246, Logical Clock Time - 256, Queue Length - 0, Message - [machine 0, task 1] the time is 255
INFO:root:Sent Message: System Time - 1678080294.3318799, Logical Clock Time - 257, Queue Length - 0, Message - [machine 0, task 1] the time is 256
INFO:root:Internal Event: System Time - 1678080294.50052, Logical Clock Time - 258
INFO:root:Sent Message: System Time - 1678080294.672661, Logical Clock Time - 259, Queue Length - 0, Message - [machine 0, task 2] the time is 258
INFO:root:Internal Event: System Time - 1678080294.8414762, Logical Clock Time - 260
INFO:root:Internal Event: System Time - 1678080295.013757, Logical Clock Time - 261
INFO:root:Internal Event: System Time - 1678080295.184781, Logical Clock Time - 262
INFO:root:Received Message: System Time - 1678080295.3523462, Logical Clock Time - 263, Queue Length - 0, Message - [machine 1, task 2] the time is 219
INFO:root:Received Message: System Time - 1678080295.5216231, Logical Clock Time - 264, Queue Length - 0, Message - [machine 2, task 3] the time is 177
INFO:root:Internal Event: System Time - 1678080295.693763, Logical Clock Time - 265
INFO:root:Internal Event: System Time - 1678080295.865868, Logical Clock Time - 266
INFO:root:Received Message: System Time - 1678080296.0379388, Logical Clock Time - 267, Queue Length - 0, Message - [machine 2, task 3] the time is 179
INFO:root:Internal Event: System Time - 1678080296.2101839, Logical Clock Time - 268
INFO:root:Internal Event: System Time - 1678080296.3818932, Logical Clock Time - 269
INFO:root:Received Message: System Time - 1678080296.550085, Logical Clock Time - 270, Queue Length - 0, Message - [machine 2, task 1] the time is 181
INFO:root:Sent Message: System Time - 1678080296.722646, Logical Clock Time - 271, Queue Length - 0, Message - [machine 0, task 3] the time is 270
INFO:root:Internal Event: System Time - 1678080296.891263, Logical Clock Time - 272
INFO:root:Received Message: System Time - 1678080297.063385, Logical Clock Time - 273, Queue Length - 0, Message - [machine 1, task 2] the time is 227
INFO:root:Internal Event: System Time - 1678080297.235809, Logical Clock Time - 274
INFO:root:Received Message: System Time - 1678080297.405014, Logical Clock Time - 275, Queue Length - 0, Message - [machine 2, task 3] the time is 184
INFO:root:Internal Event: System Time - 1678080297.57459, Logical Clock Time - 276
INFO:root:Internal Event: System Time - 1678080297.744843, Logical Clock Time - 277
INFO:root:Internal Event: System Time - 1678080297.913114, Logical Clock Time - 278
INFO:root:Sent Message: System Time - 1678080298.082479, Logical Clock Time - 279, Queue Length - 0, Message - [machine 0, task 2] the time is 278
INFO:root:Received Message: System Time - 1678080298.251327, Logical Clock Time - 280, Queue Length - 0, Message - [machine 1, task 3] the time is 233
INFO:root:Received Message: System Time - 1678080298.4234629, Logical Clock Time - 281, Queue Length - 0, Message - [machine 1, task 2] the time is 234
INFO:root:Sent Message: System Time - 1678080298.595812, Logical Clock Time - 282, Queue Length - 0, Message - [machine 0, task 3] the time is 281
INFO:root:Internal Event: System Time - 1678080298.767959, Logical Clock Time - 283
INFO:root:Internal Event: System Time - 1678080298.940223, Logical Clock Time - 284
INFO:root:Received Message: System Time - 1678080299.109241, Logical Clock Time - 285, Queue Length - 0, Message - [machine 2, task 1] the time is 191
INFO:root:Internal Event: System Time - 1678080299.2811148, Logical Clock Time - 286
INFO:root:Internal Event: System Time - 1678080299.452319, Logical Clock Time - 287
INFO:root:Internal Event: System Time - 1678080299.623085, Logical Clock Time - 288
INFO:root:Internal Event: System Time - 1678080299.790401, Logical Clock Time - 289
INFO:root:Internal Event: System Time - 1678080299.962794, Logical Clock Time - 290
INFO:root:Received Message: System Time - 1678080300.134, Logical Clock Time - 291, Queue Length - 1, Message - [machine 1, task 2] the time is 242
INFO:root:Received Message: System Time - 1678080300.306124, Logical Clock Time - 292, Queue Length - 0, Message - [machine 2, task 3] the time is 195
INFO:root:Sent Message: System Time - 1678080300.473728, Logical Clock Time - 293, Queue Length - 0, Message - [machine 0, task 1] the time is 292
INFO:root:Internal Event: System Time - 1678080300.646198, Logical Clock Time - 294
INFO:root:Sent Message: System Time - 1678080300.81525, Logical Clock Time - 295, Queue Length - 0, Message - [machine 0, task 2] the time is 294
INFO:root:Sent Message: System Time - 1678080300.987361, Logical Clock Time - 296, Queue Length - 0, Message - [machine 0, task 2] the time is 295
INFO:root:Internal Event: System Time - 1678080301.159538, Logical Clock Time - 297
INFO:root:Internal Event: System Time - 1678080301.331577, Logical Clock Time - 298
INFO:root:Internal Event: System Time - 1678080301.5036008, Logical Clock Time - 299
INFO:root:Internal Event: System Time - 1678080301.67238, Logical Clock Time - 300
INFO:root:Internal Event: System Time - 1678080301.8409321, Logical Clock Time - 301
INFO:root:Received Message: System Time - 1678080302.011383, Logical Clock Time - 302, Queue Length - 0, Message - [machine 2, task 1] the time is 202
INFO:root:Received Message: System Time - 1678080302.183808, Logical Clock Time - 303, Queue Length - 0, Message - [machine 2, task 1] the time is 203
INFO:root:Internal Event: System Time - 1678080302.355703, Logical Clock Time - 304
INFO:root:Internal Event: System Time - 1678080302.525245, Logical Clock Time - 305
INFO:root:Internal Event: System Time - 1678080302.69733, Logical Clock Time - 306
INFO:root:Internal Event: System Time - 1678080302.869771, Logical Clock Time - 307
INFO:root:Internal Event: System Time - 1678080303.040729, Logical Clock Time - 308
INFO:root:Received Message: System Time - 1678080303.211364, Logical Clock Time - 309, Queue Length - 1, Message - [machine 1, task 2] the time is 257
INFO:root:Received Message: System Time - 1678080303.3820999, Logical Clock Time - 310, Queue Length - 1, Message - [machine 2, task 1] the time is 207
INFO:root:Received Message: System Time - 1678080303.552207, Logical Clock Time - 311, Queue Length - 1, Message - [machine 1, task 3] the time is 258
INFO:root:Received Message: System Time - 1678080303.7242932, Logical Clock Time - 312, Queue Length - 1, Message - [machine 1, task 2] the time is 259
INFO:root:Received Message: System Time - 1678080303.8959239, Logical Clock Time - 313, Queue Length - 1, Message - [machine 2, task 3] the time is 209
INFO:root:Received Message: System Time - 1678080304.068353, Logical Clock Time - 314, Queue Length - 0, Message - [machine 1, task 3] the time is 261
INFO:root:Sent Message: System Time - 1678080304.240601, Logical Clock Time - 315, Queue Length - 0, Message - [machine 0, task 1] the time is 314
INFO:root:Internal Event: System Time - 1678080304.413026, Logical Clock Time - 316
INFO:root:Internal Event: System Time - 1678080304.5853078, Logical Clock Time - 317
INFO:root:Received Message: System Time - 1678080304.7572212, Logical Clock Time - 318, Queue Length - 0, Message - [machine 2, task 3] the time is 213
INFO:root:Received Message: System Time - 1678080304.954116, Logical Clock Time - 319, Queue Length - 0, Message - [machine 1, task 3] the time is 266
INFO:root:Sent Message: System Time - 1678080305.126962, Logical Clock Time - 320, Queue Length - 0, Message - [machine 0, task 1] the time is 319
INFO:root:Sent Message: System Time - 1678080305.295721, Logical Clock Time - 321, Queue Length - 0, Message - [machine 0, task 2] the time is 320
INFO:root:Internal Event: System Time - 1678080305.468153, Logical Clock Time - 322
INFO:root:Internal Event: System Time - 1678080305.638995, Logical Clock Time - 323
INFO:root:Sent Message: System Time - 1678080305.8112361, Logical Clock Time - 324, Queue Length - 0, Message - [machine 0, task 1] the time is 323
INFO:root:Sent Message: System Time - 1678080305.980951, Logical Clock Time - 325, Queue Length - 0, Message - [machine 0, task 2] the time is 324
INFO:root:Internal Event: System Time - 1678080306.148782, Logical Clock Time - 326
INFO:root:Internal Event: System Time - 1678080306.3207622, Logical Clock Time - 327
INFO:root:Internal Event: System Time - 1678080306.4880252, Logical Clock Time - 328
INFO:root:Internal Event: System Time - 1678080306.6602209, Logical Clock Time - 329
INFO:root:Sent Message: System Time - 1678080306.828854, Logical Clock Time - 330, Queue Length - 0, Message - [machine 0, task 1] the time is 329
INFO:root:Received Message: System Time - 1678080307.001119, Logical Clock Time - 331, Queue Length - 0, Message - [machine 2, task 3] the time is 222
INFO:root:Internal Event: System Time - 1678080307.1724858, Logical Clock Time - 332
INFO:root:Sent Message: System Time - 1678080307.345001, Logical Clock Time - 333, Queue Length - 0, Message - [machine 0, task 2] the time is 332
INFO:root:Sent Message: System Time - 1678080307.5130858, Logical Clock Time - 334, Queue Length - 0, Message - [machine 0, task 2] the time is 333
INFO:root:Sent Message: System Time - 1678080307.685411, Logical Clock Time - 335, Queue Length - 0, Message - [machine 0, task 2] the time is 334
INFO:root:Internal Event: System Time - 1678080307.857627, Logical Clock Time - 336
INFO:root:Sent Message: System Time - 1678080308.030099, Logical Clock Time - 337, Queue Length - 0, Message - [machine 0, task 2] the time is 336
INFO:root:Sent Message: System Time - 1678080308.197966, Logical Clock Time - 338, Queue Length - 0, Message - [machine 0, task 3] the time is 337
INFO:root:Sent Message: System Time - 1678080308.369948, Logical Clock Time - 339, Queue Length - 0, Message - [machine 0, task 1] the time is 338
INFO:root:Sent Message: System Time - 1678080308.54229, Logical Clock Time - 340, Queue Length - 0, Message - [machine 0, task 2] the time is 339
INFO:root:Sent Message: System Time - 1678080308.714544, Logical Clock Time - 341, Queue Length - 0, Message - [machine 0, task 3] the time is 340
INFO:root:Internal Event: System Time - 1678080308.8870158, Logical Clock Time - 342
INFO:root:Internal Event: System Time - 1678080309.0577579, Logical Clock Time - 343
INFO:root:Internal Event: System Time - 1678080309.230044, Logical Clock Time - 344
INFO:root:Received Message: System Time - 1678080309.402221, Logical Clock Time - 345, Queue Length - 0, Message - [machine 1, task 2] the time is 288
INFO:root:Sent Message: System Time - 1678080309.574759, Logical Clock Time - 346, Queue Length - 0, Message - [machine 0, task 3] the time is 345
INFO:root:Internal Event: System Time - 1678080309.7471209, Logical Clock Time - 347
INFO:root:Internal Event: System Time - 1678080309.919345, Logical Clock Time - 348
INFO:root:Internal Event: System Time - 1678080310.0918112, Logical Clock Time - 349
INFO:root:Internal Event: System Time - 1678080310.264045, Logical Clock Time - 350
INFO:root:Internal Event: System Time - 1678080310.4362528, Logical Clock Time - 351
