INFO:root:Clock Speed: 6
INFO:root:Internal Event: System Time - 1678133989.151298, Logical Clock Time - 1, Queue Length - 0
INFO:root:Internal Event: System Time - 1678133989.3234282, Logical Clock Time - 2, Queue Length - 0
INFO:root:Internal Event: System Time - 1678133989.4958432, Logical Clock Time - 3, Queue Length - 0
INFO:root:Sent Message: System Time - 1678133989.668077, Logical Clock Time - 4, Queue Length - 0, Message - [machine 1, task 2] the time is 3
INFO:root:Internal Event: System Time - 1678133989.8369641, Logical Clock Time - 5, Queue Length - 0
INFO:root:Received Message: System Time - 1678133990.005134, Logical Clock Time - 6, Queue Length - 0
INFO:root:Internal Event: System Time - 1678133990.172617, Logical Clock Time - 7, Queue Length - 0
INFO:root:Internal Event: System Time - 1678133990.344693, Logical Clock Time - 8, Queue Length - 0
INFO:root:Internal Event: System Time - 1678133990.51351, Logical Clock Time - 9, Queue Length - 0
INFO:root:Internal Event: System Time - 1678133990.686754, Logical Clock Time - 10, Queue Length - 0
INFO:root:Sent Message: System Time - 1678133990.858994, Logical Clock Time - 11, Queue Length - 0, Message - [machine 1, task 1] the time is 10
INFO:root:Sent Message: System Time - 1678133991.028998, Logical Clock Time - 12, Queue Length - 0, Message - [machine 1, task 2] the time is 11
INFO:root:Internal Event: System Time - 1678133991.196364, Logical Clock Time - 13, Queue Length - 0
INFO:root:Internal Event: System Time - 1678133991.368726, Logical Clock Time - 14, Queue Length - 0
INFO:root:Internal Event: System Time - 1678133991.542367, Logical Clock Time - 15, Queue Length - 0
INFO:root:Sent Message: System Time - 1678133991.713769, Logical Clock Time - 16, Queue Length - 0, Message - [machine 1, task 1] the time is 15
INFO:root:Internal Event: System Time - 1678133991.883182, Logical Clock Time - 17, Queue Length - 0
INFO:root:Internal Event: System Time - 1678133992.0525599, Logical Clock Time - 18, Queue Length - 0
INFO:root:Internal Event: System Time - 1678133992.224763, Logical Clock Time - 19, Queue Length - 0
INFO:root:Internal Event: System Time - 1678133992.397486, Logical Clock Time - 20, Queue Length - 0
INFO:root:Sent Message: System Time - 1678133992.567623, Logical Clock Time - 21, Queue Length - 0, Message - [machine 1, task 2] the time is 20
INFO:root:Internal Event: System Time - 1678133992.739935, Logical Clock Time - 22, Queue Length - 0
INFO:root:Internal Event: System Time - 1678133992.9121, Logical Clock Time - 23, Queue Length - 0
INFO:root:Internal Event: System Time - 1678133993.082676, Logical Clock Time - 24, Queue Length - 0
INFO:root:Received Message: System Time - 1678133993.2549891, Logical Clock Time - 25, Queue Length - 0
INFO:root:Internal Event: System Time - 1678133993.42808, Logical Clock Time - 26, Queue Length - 0
INFO:root:Sent Message: System Time - 1678133993.6024902, Logical Clock Time - 27, Queue Length - 0, Message - [machine 1, task 2] the time is 26
INFO:root:Sent Message: System Time - 1678133993.77475, Logical Clock Time - 28, Queue Length - 0, Message - [machine 1, task 3] the time is 27
INFO:root:Internal Event: System Time - 1678133993.946989, Logical Clock Time - 29, Queue Length - 0
INFO:root:Sent Message: System Time - 1678133994.120877, Logical Clock Time - 30, Queue Length - 0, Message - [machine 1, task 1] the time is 29
INFO:root:Sent Message: System Time - 1678133994.2952478, Logical Clock Time - 31, Queue Length - 0, Message - [machine 1, task 1] the time is 30
INFO:root:Internal Event: System Time - 1678133994.4673789, Logical Clock Time - 32, Queue Length - 0
INFO:root:Internal Event: System Time - 1678133994.639658, Logical Clock Time - 33, Queue Length - 0
INFO:root:Sent Message: System Time - 1678133994.812924, Logical Clock Time - 34, Queue Length - 0, Message - [machine 1, task 3] the time is 33
INFO:root:Sent Message: System Time - 1678133994.9851542, Logical Clock Time - 35, Queue Length - 0, Message - [machine 1, task 2] the time is 34
INFO:root:Sent Message: System Time - 1678133995.1576161, Logical Clock Time - 36, Queue Length - 0, Message - [machine 1, task 2] the time is 35
INFO:root:Internal Event: System Time - 1678133995.327122, Logical Clock Time - 37, Queue Length - 0
INFO:root:Internal Event: System Time - 1678133995.4982982, Logical Clock Time - 38, Queue Length - 0
INFO:root:Internal Event: System Time - 1678133995.670057, Logical Clock Time - 39, Queue Length - 0
INFO:root:Internal Event: System Time - 1678133995.84376, Logical Clock Time - 40, Queue Length - 0
INFO:root:Sent Message: System Time - 1678133996.015997, Logical Clock Time - 41, Queue Length - 0, Message - [machine 1, task 2] the time is 40
INFO:root:Received Message: System Time - 1678133996.187414, Logical Clock Time - 42, Queue Length - 0
INFO:root:Received Message: System Time - 1678133996.3579981, Logical Clock Time - 43, Queue Length - 0
INFO:root:Internal Event: System Time - 1678133996.530313, Logical Clock Time - 44, Queue Length - 0
INFO:root:Internal Event: System Time - 1678133996.6998029, Logical Clock Time - 45, Queue Length - 0
INFO:root:Internal Event: System Time - 1678133996.872931, Logical Clock Time - 46, Queue Length - 0
INFO:root:Internal Event: System Time - 1678133997.045583, Logical Clock Time - 47, Queue Length - 0
INFO:root:Internal Event: System Time - 1678133997.2161112, Logical Clock Time - 48, Queue Length - 0
INFO:root:Internal Event: System Time - 1678133997.389629, Logical Clock Time - 49, Queue Length - 0
INFO:root:Internal Event: System Time - 1678133997.5626822, Logical Clock Time - 50, Queue Length - 0
INFO:root:Internal Event: System Time - 1678133997.7353868, Logical Clock Time - 51, Queue Length - 0
INFO:root:Sent Message: System Time - 1678133997.909926, Logical Clock Time - 52, Queue Length - 0, Message - [machine 1, task 2] the time is 51
INFO:root:Internal Event: System Time - 1678133998.0843232, Logical Clock Time - 53, Queue Length - 0
INFO:root:Internal Event: System Time - 1678133998.257411, Logical Clock Time - 54, Queue Length - 0
INFO:root:Sent Message: System Time - 1678133998.4270148, Logical Clock Time - 55, Queue Length - 0, Message - [machine 1, task 2] the time is 54
INFO:root:Internal Event: System Time - 1678133998.6008902, Logical Clock Time - 56, Queue Length - 0
INFO:root:Received Message: System Time - 1678133998.770508, Logical Clock Time - 57, Queue Length - 0
INFO:root:Internal Event: System Time - 1678133998.9431832, Logical Clock Time - 58, Queue Length - 0
INFO:root:Internal Event: System Time - 1678133999.114076, Logical Clock Time - 59, Queue Length - 0
INFO:root:Internal Event: System Time - 1678133999.287714, Logical Clock Time - 60, Queue Length - 0
INFO:root:Received Message: System Time - 1678133999.462631, Logical Clock Time - 61, Queue Length - 0
INFO:root:Received Message: System Time - 1678133999.6374872, Logical Clock Time - 62, Queue Length - 0
INFO:root:Sent Message: System Time - 1678133999.81139, Logical Clock Time - 63, Queue Length - 0, Message - [machine 1, task 3] the time is 62
INFO:root:Sent Message: System Time - 1678133999.984002, Logical Clock Time - 64, Queue Length - 0, Message - [machine 1, task 3] the time is 63
INFO:root:Internal Event: System Time - 1678134000.158717, Logical Clock Time - 65, Queue Length - 0
INFO:root:Internal Event: System Time - 1678134000.3312268, Logical Clock Time - 66, Queue Length - 0
INFO:root:Sent Message: System Time - 1678134000.505236, Logical Clock Time - 67, Queue Length - 0, Message - [machine 1, task 3] the time is 66
INFO:root:Internal Event: System Time - 1678134000.6801121, Logical Clock Time - 68, Queue Length - 0
INFO:root:Sent Message: System Time - 1678134000.851928, Logical Clock Time - 69, Queue Length - 0, Message - [machine 1, task 2] the time is 68
INFO:root:Internal Event: System Time - 1678134001.022995, Logical Clock Time - 70, Queue Length - 0
INFO:root:Internal Event: System Time - 1678134001.1945012, Logical Clock Time - 71, Queue Length - 0
INFO:root:Internal Event: System Time - 1678134001.366643, Logical Clock Time - 72, Queue Length - 0
INFO:root:Internal Event: System Time - 1678134001.536876, Logical Clock Time - 73, Queue Length - 0
INFO:root:Internal Event: System Time - 1678134001.711627, Logical Clock Time - 74, Queue Length - 0
INFO:root:Internal Event: System Time - 1678134001.8854651, Logical Clock Time - 75, Queue Length - 0
INFO:root:Internal Event: System Time - 1678134002.054362, Logical Clock Time - 76, Queue Length - 0
INFO:root:Sent Message: System Time - 1678134002.228715, Logical Clock Time - 77, Queue Length - 0, Message - [machine 1, task 3] the time is 76
INFO:root:Sent Message: System Time - 1678134002.402447, Logical Clock Time - 78, Queue Length - 0, Message - [machine 1, task 1] the time is 77
INFO:root:Sent Message: System Time - 1678134002.574048, Logical Clock Time - 79, Queue Length - 0, Message - [machine 1, task 3] the time is 78
INFO:root:Internal Event: System Time - 1678134002.743762, Logical Clock Time - 80, Queue Length - 0
INFO:root:Internal Event: System Time - 1678134002.9174662, Logical Clock Time - 81, Queue Length - 0
INFO:root:Internal Event: System Time - 1678134003.087531, Logical Clock Time - 82, Queue Length - 0
INFO:root:Received Message: System Time - 1678134003.259427, Logical Clock Time - 83, Queue Length - 0
INFO:root:Internal Event: System Time - 1678134003.430899, Logical Clock Time - 84, Queue Length - 0
INFO:root:Sent Message: System Time - 1678134003.6027951, Logical Clock Time - 85, Queue Length - 0, Message - [machine 1, task 3] the time is 84
INFO:root:Sent Message: System Time - 1678134003.777026, Logical Clock Time - 86, Queue Length - 0, Message - [machine 1, task 3] the time is 85
INFO:root:Internal Event: System Time - 1678134003.9513679, Logical Clock Time - 87, Queue Length - 0
INFO:root:Sent Message: System Time - 1678134004.1261928, Logical Clock Time - 88, Queue Length - 0, Message - [machine 1, task 3] the time is 87
INFO:root:Sent Message: System Time - 1678134004.300909, Logical Clock Time - 89, Queue Length - 0, Message - [machine 1, task 3] the time is 88
INFO:root:Internal Event: System Time - 1678134004.474669, Logical Clock Time - 90, Queue Length - 0
INFO:root:Internal Event: System Time - 1678134004.64803, Logical Clock Time - 91, Queue Length - 0
INFO:root:Internal Event: System Time - 1678134004.8212779, Logical Clock Time - 92, Queue Length - 0
INFO:root:Sent Message: System Time - 1678134004.993956, Logical Clock Time - 93, Queue Length - 0, Message - [machine 1, task 3] the time is 92
INFO:root:Internal Event: System Time - 1678134005.167413, Logical Clock Time - 94, Queue Length - 0
INFO:root:Internal Event: System Time - 1678134005.3371782, Logical Clock Time - 95, Queue Length - 0
INFO:root:Internal Event: System Time - 1678134005.507367, Logical Clock Time - 96, Queue Length - 0
INFO:root:Internal Event: System Time - 1678134005.678394, Logical Clock Time - 97, Queue Length - 0
INFO:root:Internal Event: System Time - 1678134005.84782, Logical Clock Time - 98, Queue Length - 0
INFO:root:Internal Event: System Time - 1678134006.020107, Logical Clock Time - 99, Queue Length - 0
INFO:root:Sent Message: System Time - 1678134006.193689, Logical Clock Time - 100, Queue Length - 0, Message - [machine 1, task 2] the time is 99
INFO:root:Sent Message: System Time - 1678134006.368047, Logical Clock Time - 101, Queue Length - 0, Message - [machine 1, task 2] the time is 100
INFO:root:Sent Message: System Time - 1678134006.541821, Logical Clock Time - 102, Queue Length - 0, Message - [machine 1, task 3] the time is 101
INFO:root:Internal Event: System Time - 1678134006.712383, Logical Clock Time - 103, Queue Length - 0
INFO:root:Internal Event: System Time - 1678134006.879952, Logical Clock Time - 104, Queue Length - 0
INFO:root:Received Message: System Time - 1678134007.052317, Logical Clock Time - 105, Queue Length - 0
INFO:root:Internal Event: System Time - 1678134007.22474, Logical Clock Time - 106, Queue Length - 0
INFO:root:Internal Event: System Time - 1678134007.3957949, Logical Clock Time - 107, Queue Length - 0
INFO:root:Sent Message: System Time - 1678134007.566692, Logical Clock Time - 108, Queue Length - 0, Message - [machine 1, task 1] the time is 107
INFO:root:Sent Message: System Time - 1678134007.7401228, Logical Clock Time - 109, Queue Length - 0, Message - [machine 1, task 2] the time is 108
INFO:root:Sent Message: System Time - 1678134007.913066, Logical Clock Time - 110, Queue Length - 0, Message - [machine 1, task 3] the time is 109
INFO:root:Internal Event: System Time - 1678134008.081522, Logical Clock Time - 111, Queue Length - 0
INFO:root:Internal Event: System Time - 1678134008.2543428, Logical Clock Time - 112, Queue Length - 0
INFO:root:Internal Event: System Time - 1678134008.4265769, Logical Clock Time - 113, Queue Length - 0
INFO:root:Internal Event: System Time - 1678134008.598156, Logical Clock Time - 114, Queue Length - 0
INFO:root:Internal Event: System Time - 1678134008.7687628, Logical Clock Time - 115, Queue Length - 0
INFO:root:Sent Message: System Time - 1678134008.943703, Logical Clock Time - 116, Queue Length - 0, Message - [machine 1, task 2] the time is 115
INFO:root:Internal Event: System Time - 1678134009.116117, Logical Clock Time - 117, Queue Length - 0
INFO:root:Internal Event: System Time - 1678134009.288608, Logical Clock Time - 118, Queue Length - 0
INFO:root:Internal Event: System Time - 1678134009.461267, Logical Clock Time - 119, Queue Length - 0
INFO:root:Internal Event: System Time - 1678134009.633264, Logical Clock Time - 120, Queue Length - 0
INFO:root:Sent Message: System Time - 1678134009.8070788, Logical Clock Time - 121, Queue Length - 0, Message - [machine 1, task 2] the time is 120
INFO:root:Sent Message: System Time - 1678134009.978988, Logical Clock Time - 122, Queue Length - 0, Message - [machine 1, task 1] the time is 121
INFO:root:Internal Event: System Time - 1678134010.1515598, Logical Clock Time - 123, Queue Length - 0
INFO:root:Internal Event: System Time - 1678134010.3230982, Logical Clock Time - 124, Queue Length - 0
INFO:root:Internal Event: System Time - 1678134010.4959419, Logical Clock Time - 125, Queue Length - 0
INFO:root:Internal Event: System Time - 1678134010.668672, Logical Clock Time - 126, Queue Length - 0
INFO:root:Internal Event: System Time - 1678134010.842627, Logical Clock Time - 127, Queue Length - 0
INFO:root:Sent Message: System Time - 1678134011.0150762, Logical Clock Time - 128, Queue Length - 0, Message - [machine 1, task 2] the time is 127
INFO:root:Sent Message: System Time - 1678134011.187876, Logical Clock Time - 129, Queue Length - 0, Message - [machine 1, task 1] the time is 128
INFO:root:Sent Message: System Time - 1678134011.3582988, Logical Clock Time - 130, Queue Length - 0, Message - [machine 1, task 2] the time is 129
INFO:root:Internal Event: System Time - 1678134011.5308979, Logical Clock Time - 131, Queue Length - 0
INFO:root:Internal Event: System Time - 1678134011.702729, Logical Clock Time - 132, Queue Length - 0
INFO:root:Internal Event: System Time - 1678134011.876797, Logical Clock Time - 133, Queue Length - 0
INFO:root:Internal Event: System Time - 1678134012.047117, Logical Clock Time - 134, Queue Length - 0
INFO:root:Received Message: System Time - 1678134012.2212899, Logical Clock Time - 135, Queue Length - 0
INFO:root:Internal Event: System Time - 1678134012.390356, Logical Clock Time - 136, Queue Length - 0
INFO:root:Internal Event: System Time - 1678134012.561829, Logical Clock Time - 137, Queue Length - 0
INFO:root:Internal Event: System Time - 1678134012.733406, Logical Clock Time - 138, Queue Length - 0
INFO:root:Internal Event: System Time - 1678134012.9027882, Logical Clock Time - 139, Queue Length - 0
INFO:root:Internal Event: System Time - 1678134013.0724428, Logical Clock Time - 140, Queue Length - 0
INFO:root:Received Message: System Time - 1678134013.241388, Logical Clock Time - 141, Queue Length - 0
INFO:root:Internal Event: System Time - 1678134013.41253, Logical Clock Time - 142, Queue Length - 0
INFO:root:Sent Message: System Time - 1678134013.5849202, Logical Clock Time - 143, Queue Length - 0, Message - [machine 1, task 1] the time is 142
INFO:root:Internal Event: System Time - 1678134013.758786, Logical Clock Time - 144, Queue Length - 0
INFO:root:Internal Event: System Time - 1678134013.9316869, Logical Clock Time - 145, Queue Length - 0
INFO:root:Received Message: System Time - 1678134014.1049411, Logical Clock Time - 146, Queue Length - 0
INFO:root:Received Message: System Time - 1678134014.275435, Logical Clock Time - 147, Queue Length - 0
INFO:root:Sent Message: System Time - 1678134014.446837, Logical Clock Time - 148, Queue Length - 0, Message - [machine 1, task 1] the time is 147
INFO:root:Internal Event: System Time - 1678134014.6159968, Logical Clock Time - 149, Queue Length - 0
INFO:root:Sent Message: System Time - 1678134014.790047, Logical Clock Time - 150, Queue Length - 0, Message - [machine 1, task 1] the time is 149
INFO:root:Internal Event: System Time - 1678134014.962406, Logical Clock Time - 151, Queue Length - 0
INFO:root:Sent Message: System Time - 1678134015.133644, Logical Clock Time - 152, Queue Length - 0, Message - [machine 1, task 3] the time is 151
INFO:root:Internal Event: System Time - 1678134015.304411, Logical Clock Time - 153, Queue Length - 0
INFO:root:Internal Event: System Time - 1678134015.478705, Logical Clock Time - 154, Queue Length - 0
INFO:root:Internal Event: System Time - 1678134015.6523788, Logical Clock Time - 155, Queue Length - 0
INFO:root:Sent Message: System Time - 1678134015.823143, Logical Clock Time - 156, Queue Length - 0, Message - [machine 1, task 1] the time is 155
INFO:root:Sent Message: System Time - 1678134015.996282, Logical Clock Time - 157, Queue Length - 0, Message - [machine 1, task 1] the time is 156
INFO:root:Internal Event: System Time - 1678134016.1697862, Logical Clock Time - 158, Queue Length - 0
INFO:root:Internal Event: System Time - 1678134016.341485, Logical Clock Time - 159, Queue Length - 0
INFO:root:Internal Event: System Time - 1678134016.5126982, Logical Clock Time - 160, Queue Length - 0
INFO:root:Received Message: System Time - 1678134016.687021, Logical Clock Time - 161, Queue Length - 0
INFO:root:Received Message: System Time - 1678134016.856577, Logical Clock Time - 162, Queue Length - 0
INFO:root:Sent Message: System Time - 1678134017.028793, Logical Clock Time - 163, Queue Length - 0, Message - [machine 1, task 3] the time is 162
INFO:root:Internal Event: System Time - 1678134017.1961658, Logical Clock Time - 164, Queue Length - 0
INFO:root:Sent Message: System Time - 1678134017.364404, Logical Clock Time - 165, Queue Length - 0, Message - [machine 1, task 2] the time is 164
INFO:root:Internal Event: System Time - 1678134017.5372531, Logical Clock Time - 166, Queue Length - 0
INFO:root:Internal Event: System Time - 1678134017.711589, Logical Clock Time - 167, Queue Length - 0
INFO:root:Sent Message: System Time - 1678134017.885771, Logical Clock Time - 168, Queue Length - 0, Message - [machine 1, task 3] the time is 167
INFO:root:Internal Event: System Time - 1678134018.055821, Logical Clock Time - 169, Queue Length - 0
INFO:root:Internal Event: System Time - 1678134018.2279592, Logical Clock Time - 170, Queue Length - 0
INFO:root:Internal Event: System Time - 1678134018.399898, Logical Clock Time - 171, Queue Length - 0
INFO:root:Sent Message: System Time - 1678134018.570837, Logical Clock Time - 172, Queue Length - 0, Message - [machine 1, task 1] the time is 171
INFO:root:Internal Event: System Time - 1678134018.7443972, Logical Clock Time - 173, Queue Length - 0
INFO:root:Sent Message: System Time - 1678134018.916406, Logical Clock Time - 174, Queue Length - 0, Message - [machine 1, task 1] the time is 173
INFO:root:Sent Message: System Time - 1678134019.085142, Logical Clock Time - 175, Queue Length - 0, Message - [machine 1, task 3] the time is 174
INFO:root:Internal Event: System Time - 1678134019.2540941, Logical Clock Time - 176, Queue Length - 0
INFO:root:Internal Event: System Time - 1678134019.423753, Logical Clock Time - 177, Queue Length - 0
INFO:root:Internal Event: System Time - 1678134019.596216, Logical Clock Time - 178, Queue Length - 0
INFO:root:Sent Message: System Time - 1678134019.769778, Logical Clock Time - 179, Queue Length - 0, Message - [machine 1, task 2] the time is 178
INFO:root:Received Message: System Time - 1678134019.9400089, Logical Clock Time - 180, Queue Length - 0
INFO:root:Internal Event: System Time - 1678134020.1144042, Logical Clock Time - 181, Queue Length - 0
INFO:root:Sent Message: System Time - 1678134020.286297, Logical Clock Time - 182, Queue Length - 0, Message - [machine 1, task 3] the time is 181
INFO:root:Sent Message: System Time - 1678134020.456909, Logical Clock Time - 183, Queue Length - 0, Message - [machine 1, task 1] the time is 182
INFO:root:Internal Event: System Time - 1678134020.6307561, Logical Clock Time - 184, Queue Length - 0
INFO:root:Internal Event: System Time - 1678134020.803534, Logical Clock Time - 185, Queue Length - 0
INFO:root:Received Message: System Time - 1678134020.973752, Logical Clock Time - 186, Queue Length - 0
INFO:root:Internal Event: System Time - 1678134021.146251, Logical Clock Time - 187, Queue Length - 0
INFO:root:Sent Message: System Time - 1678134021.319894, Logical Clock Time - 188, Queue Length - 0, Message - [machine 1, task 2] the time is 187
INFO:root:Sent Message: System Time - 1678134021.492244, Logical Clock Time - 189, Queue Length - 0, Message - [machine 1, task 3] the time is 188
INFO:root:Internal Event: System Time - 1678134021.662883, Logical Clock Time - 190, Queue Length - 0
INFO:root:Sent Message: System Time - 1678134021.8356109, Logical Clock Time - 191, Queue Length - 0, Message - [machine 1, task 1] the time is 190
INFO:root:Internal Event: System Time - 1678134022.00578, Logical Clock Time - 192, Queue Length - 0
INFO:root:Internal Event: System Time - 1678134022.1789372, Logical Clock Time - 193, Queue Length - 0
INFO:root:Internal Event: System Time - 1678134022.3528068, Logical Clock Time - 194, Queue Length - 0
INFO:root:Internal Event: System Time - 1678134022.523853, Logical Clock Time - 195, Queue Length - 0
INFO:root:Sent Message: System Time - 1678134022.695868, Logical Clock Time - 196, Queue Length - 0, Message - [machine 1, task 3] the time is 195
INFO:root:Internal Event: System Time - 1678134022.869718, Logical Clock Time - 197, Queue Length - 0
INFO:root:Sent Message: System Time - 1678134023.04035, Logical Clock Time - 198, Queue Length - 0, Message - [machine 1, task 2] the time is 197
INFO:root:Internal Event: System Time - 1678134023.214296, Logical Clock Time - 199, Queue Length - 0
INFO:root:Internal Event: System Time - 1678134023.3857212, Logical Clock Time - 200, Queue Length - 0
INFO:root:Sent Message: System Time - 1678134023.556917, Logical Clock Time - 201, Queue Length - 0, Message - [machine 1, task 2] the time is 200
INFO:root:Sent Message: System Time - 1678134023.761784, Logical Clock Time - 202, Queue Length - 0, Message - [machine 1, task 3] the time is 201
INFO:root:Sent Message: System Time - 1678134023.9361038, Logical Clock Time - 203, Queue Length - 0, Message - [machine 1, task 1] the time is 202
INFO:root:Internal Event: System Time - 1678134024.106837, Logical Clock Time - 204, Queue Length - 0
INFO:root:Internal Event: System Time - 1678134024.276483, Logical Clock Time - 205, Queue Length - 0
INFO:root:Internal Event: System Time - 1678134024.4511008, Logical Clock Time - 206, Queue Length - 0
INFO:root:Internal Event: System Time - 1678134024.625788, Logical Clock Time - 207, Queue Length - 0
INFO:root:Internal Event: System Time - 1678134024.7964082, Logical Clock Time - 208, Queue Length - 0
INFO:root:Internal Event: System Time - 1678134024.969004, Logical Clock Time - 209, Queue Length - 0
INFO:root:Internal Event: System Time - 1678134025.14223, Logical Clock Time - 210, Queue Length - 0
INFO:root:Sent Message: System Time - 1678134025.315474, Logical Clock Time - 211, Queue Length - 0, Message - [machine 1, task 1] the time is 210
INFO:root:Sent Message: System Time - 1678134025.489013, Logical Clock Time - 212, Queue Length - 0, Message - [machine 1, task 1] the time is 211
INFO:root:Internal Event: System Time - 1678134025.661828, Logical Clock Time - 213, Queue Length - 0
INFO:root:Internal Event: System Time - 1678134025.836234, Logical Clock Time - 214, Queue Length - 0
INFO:root:Internal Event: System Time - 1678134026.0075688, Logical Clock Time - 215, Queue Length - 0
INFO:root:Sent Message: System Time - 1678134026.1771672, Logical Clock Time - 216, Queue Length - 0, Message - [machine 1, task 1] the time is 215
INFO:root:Internal Event: System Time - 1678134026.35184, Logical Clock Time - 217, Queue Length - 0
INFO:root:Received Message: System Time - 1678134026.5232441, Logical Clock Time - 218, Queue Length - 0
INFO:root:Internal Event: System Time - 1678134026.696788, Logical Clock Time - 219, Queue Length - 0
INFO:root:Received Message: System Time - 1678134026.87086, Logical Clock Time - 220, Queue Length - 0
INFO:root:Internal Event: System Time - 1678134027.045651, Logical Clock Time - 221, Queue Length - 0
INFO:root:Internal Event: System Time - 1678134027.219533, Logical Clock Time - 222, Queue Length - 0
INFO:root:Sent Message: System Time - 1678134027.389942, Logical Clock Time - 223, Queue Length - 0, Message - [machine 1, task 2] the time is 222
INFO:root:Received Message: System Time - 1678134027.5630898, Logical Clock Time - 224, Queue Length - 0
INFO:root:Internal Event: System Time - 1678134027.736748, Logical Clock Time - 225, Queue Length - 0
INFO:root:Internal Event: System Time - 1678134027.90708, Logical Clock Time - 226, Queue Length - 0
INFO:root:Internal Event: System Time - 1678134028.081111, Logical Clock Time - 227, Queue Length - 0
INFO:root:Sent Message: System Time - 1678134028.255757, Logical Clock Time - 228, Queue Length - 0, Message - [machine 1, task 1] the time is 227
INFO:root:Sent Message: System Time - 1678134028.430717, Logical Clock Time - 229, Queue Length - 0, Message - [machine 1, task 3] the time is 228
INFO:root:Internal Event: System Time - 1678134028.6043892, Logical Clock Time - 230, Queue Length - 0
INFO:root:Internal Event: System Time - 1678134028.778348, Logical Clock Time - 231, Queue Length - 0
INFO:root:Internal Event: System Time - 1678134028.95228, Logical Clock Time - 232, Queue Length - 0
INFO:root:Internal Event: System Time - 1678134029.121894, Logical Clock Time - 233, Queue Length - 0
INFO:root:Received Message: System Time - 1678134029.2960918, Logical Clock Time - 234, Queue Length - 0
INFO:root:Sent Message: System Time - 1678134029.468858, Logical Clock Time - 235, Queue Length - 0, Message - [machine 1, task 2] the time is 234
INFO:root:Sent Message: System Time - 1678134029.6418781, Logical Clock Time - 236, Queue Length - 0, Message - [machine 1, task 1] the time is 235
INFO:root:Sent Message: System Time - 1678134029.814307, Logical Clock Time - 237, Queue Length - 0, Message - [machine 1, task 2] the time is 236
INFO:root:Internal Event: System Time - 1678134029.987048, Logical Clock Time - 238, Queue Length - 0
INFO:root:Internal Event: System Time - 1678134030.160257, Logical Clock Time - 239, Queue Length - 0
INFO:root:Internal Event: System Time - 1678134030.334573, Logical Clock Time - 240, Queue Length - 0
INFO:root:Sent Message: System Time - 1678134030.504766, Logical Clock Time - 241, Queue Length - 0, Message - [machine 1, task 3] the time is 240
INFO:root:Sent Message: System Time - 1678134030.6760771, Logical Clock Time - 242, Queue Length - 0, Message - [machine 1, task 3] the time is 241
INFO:root:Internal Event: System Time - 1678134030.8497338, Logical Clock Time - 243, Queue Length - 0
INFO:root:Internal Event: System Time - 1678134031.018888, Logical Clock Time - 244, Queue Length - 0
INFO:root:Internal Event: System Time - 1678134031.188083, Logical Clock Time - 245, Queue Length - 0
INFO:root:Internal Event: System Time - 1678134031.357907, Logical Clock Time - 246, Queue Length - 0
INFO:root:Internal Event: System Time - 1678134031.529352, Logical Clock Time - 247, Queue Length - 0
INFO:root:Internal Event: System Time - 1678134031.703273, Logical Clock Time - 248, Queue Length - 0
INFO:root:Sent Message: System Time - 1678134031.8778949, Logical Clock Time - 249, Queue Length - 0, Message - [machine 1, task 2] the time is 248
INFO:root:Sent Message: System Time - 1678134032.048644, Logical Clock Time - 250, Queue Length - 0, Message - [machine 1, task 2] the time is 249
INFO:root:Internal Event: System Time - 1678134032.223319, Logical Clock Time - 251, Queue Length - 0
INFO:root:Internal Event: System Time - 1678134032.3955798, Logical Clock Time - 252, Queue Length - 0
INFO:root:Internal Event: System Time - 1678134032.567598, Logical Clock Time - 253, Queue Length - 0
INFO:root:Received Message: System Time - 1678134032.738136, Logical Clock Time - 254, Queue Length - 0
INFO:root:Internal Event: System Time - 1678134032.907847, Logical Clock Time - 255, Queue Length - 0
INFO:root:Received Message: System Time - 1678134033.0795121, Logical Clock Time - 256, Queue Length - 0
INFO:root:Internal Event: System Time - 1678134033.25321, Logical Clock Time - 257, Queue Length - 0
INFO:root:Sent Message: System Time - 1678134033.423455, Logical Clock Time - 258, Queue Length - 0, Message - [machine 1, task 1] the time is 257
INFO:root:Internal Event: System Time - 1678134033.595934, Logical Clock Time - 259, Queue Length - 0
INFO:root:Received Message: System Time - 1678134033.768818, Logical Clock Time - 260, Queue Length - 0
INFO:root:Internal Event: System Time - 1678134033.93763, Logical Clock Time - 261, Queue Length - 0
INFO:root:Internal Event: System Time - 1678134034.109992, Logical Clock Time - 262, Queue Length - 0
INFO:root:Internal Event: System Time - 1678134034.279853, Logical Clock Time - 263, Queue Length - 0
INFO:root:Internal Event: System Time - 1678134034.453689, Logical Clock Time - 264, Queue Length - 0
INFO:root:Internal Event: System Time - 1678134034.626202, Logical Clock Time - 265, Queue Length - 0
INFO:root:Received Message: System Time - 1678134034.795674, Logical Clock Time - 266, Queue Length - 0
INFO:root:Sent Message: System Time - 1678134034.9682188, Logical Clock Time - 267, Queue Length - 0, Message - [machine 1, task 3] the time is 266
INFO:root:Internal Event: System Time - 1678134035.141401, Logical Clock Time - 268, Queue Length - 0
INFO:root:Received Message: System Time - 1678134035.315742, Logical Clock Time - 269, Queue Length - 0
INFO:root:Received Message: System Time - 1678134035.487969, Logical Clock Time - 270, Queue Length - 0
INFO:root:Internal Event: System Time - 1678134035.66013, Logical Clock Time - 271, Queue Length - 0
INFO:root:Received Message: System Time - 1678134035.832327, Logical Clock Time - 272, Queue Length - 0
INFO:root:Received Message: System Time - 1678134036.004354, Logical Clock Time - 273, Queue Length - 0
INFO:root:Internal Event: System Time - 1678134036.176658, Logical Clock Time - 274, Queue Length - 0
INFO:root:Received Message: System Time - 1678134036.349199, Logical Clock Time - 275, Queue Length - 0
INFO:root:Internal Event: System Time - 1678134036.5230541, Logical Clock Time - 276, Queue Length - 0
INFO:root:Sent Message: System Time - 1678134036.693542, Logical Clock Time - 277, Queue Length - 0, Message - [machine 1, task 2] the time is 276
INFO:root:Sent Message: System Time - 1678134036.865994, Logical Clock Time - 278, Queue Length - 0, Message - [machine 1, task 1] the time is 277
INFO:root:Internal Event: System Time - 1678134037.034244, Logical Clock Time - 279, Queue Length - 0
INFO:root:Internal Event: System Time - 1678134037.2065952, Logical Clock Time - 280, Queue Length - 0
INFO:root:Internal Event: System Time - 1678134037.375848, Logical Clock Time - 281, Queue Length - 0
INFO:root:Internal Event: System Time - 1678134037.5457752, Logical Clock Time - 282, Queue Length - 0
INFO:root:Received Message: System Time - 1678134037.715422, Logical Clock Time - 283, Queue Length - 0
INFO:root:Sent Message: System Time - 1678134037.888096, Logical Clock Time - 284, Queue Length - 0, Message - [machine 1, task 1] the time is 283
INFO:root:Sent Message: System Time - 1678134038.062361, Logical Clock Time - 285, Queue Length - 0, Message - [machine 1, task 3] the time is 284
INFO:root:Internal Event: System Time - 1678134038.236073, Logical Clock Time - 286, Queue Length - 0
INFO:root:Sent Message: System Time - 1678134038.4079292, Logical Clock Time - 287, Queue Length - 0, Message - [machine 1, task 3] the time is 286
INFO:root:Sent Message: System Time - 1678134038.579359, Logical Clock Time - 288, Queue Length - 0, Message - [machine 1, task 3] the time is 287
INFO:root:Sent Message: System Time - 1678134038.747842, Logical Clock Time - 289, Queue Length - 0, Message - [machine 1, task 2] the time is 288
INFO:root:Internal Event: System Time - 1678134038.91713, Logical Clock Time - 290, Queue Length - 0
INFO:root:Internal Event: System Time - 1678134039.085979, Logical Clock Time - 291, Queue Length - 0
INFO:root:Internal Event: System Time - 1678134039.2543428, Logical Clock Time - 292, Queue Length - 0
INFO:root:Sent Message: System Time - 1678134039.421647, Logical Clock Time - 293, Queue Length - 0, Message - [machine 1, task 2] the time is 292
INFO:root:Internal Event: System Time - 1678134039.592275, Logical Clock Time - 294, Queue Length - 0
INFO:root:Internal Event: System Time - 1678134039.764261, Logical Clock Time - 295, Queue Length - 0
INFO:root:Internal Event: System Time - 1678134039.937328, Logical Clock Time - 296, Queue Length - 0
INFO:root:Received Message: System Time - 1678134040.111243, Logical Clock Time - 297, Queue Length - 0
INFO:root:Internal Event: System Time - 1678134040.2819042, Logical Clock Time - 298, Queue Length - 0
INFO:root:Internal Event: System Time - 1678134040.454714, Logical Clock Time - 299, Queue Length - 0
INFO:root:Sent Message: System Time - 1678134040.62722, Logical Clock Time - 300, Queue Length - 0, Message - [machine 1, task 1] the time is 299
INFO:root:Sent Message: System Time - 1678134040.796704, Logical Clock Time - 301, Queue Length - 0, Message - [machine 1, task 2] the time is 300
INFO:root:Internal Event: System Time - 1678134040.9685602, Logical Clock Time - 302, Queue Length - 0
INFO:root:Sent Message: System Time - 1678134041.1432939, Logical Clock Time - 303, Queue Length - 0, Message - [machine 1, task 3] the time is 302
INFO:root:Internal Event: System Time - 1678134041.3180249, Logical Clock Time - 304, Queue Length - 0
INFO:root:Internal Event: System Time - 1678134041.492543, Logical Clock Time - 305, Queue Length - 0
INFO:root:Internal Event: System Time - 1678134041.663927, Logical Clock Time - 306, Queue Length - 0
INFO:root:Internal Event: System Time - 1678134041.838311, Logical Clock Time - 307, Queue Length - 0
INFO:root:Internal Event: System Time - 1678134042.012796, Logical Clock Time - 308, Queue Length - 0
INFO:root:Internal Event: System Time - 1678134042.1862102, Logical Clock Time - 309, Queue Length - 0
INFO:root:Internal Event: System Time - 1678134042.360137, Logical Clock Time - 310, Queue Length - 0
INFO:root:Internal Event: System Time - 1678134042.5314538, Logical Clock Time - 311, Queue Length - 0
INFO:root:Received Message: System Time - 1678134042.705036, Logical Clock Time - 312, Queue Length - 0
INFO:root:Sent Message: System Time - 1678134042.879082, Logical Clock Time - 313, Queue Length - 0, Message - [machine 1, task 3] the time is 312
INFO:root:Sent Message: System Time - 1678134043.052292, Logical Clock Time - 314, Queue Length - 0, Message - [machine 1, task 3] the time is 313
INFO:root:Internal Event: System Time - 1678134043.22107, Logical Clock Time - 315, Queue Length - 0
INFO:root:Sent Message: System Time - 1678134043.3954089, Logical Clock Time - 316, Queue Length - 0, Message - [machine 1, task 3] the time is 315
INFO:root:Internal Event: System Time - 1678134043.566855, Logical Clock Time - 317, Queue Length - 0
INFO:root:Internal Event: System Time - 1678134043.74151, Logical Clock Time - 318, Queue Length - 0
INFO:root:Sent Message: System Time - 1678134043.9163468, Logical Clock Time - 319, Queue Length - 0, Message - [machine 1, task 3] the time is 318
INFO:root:Internal Event: System Time - 1678134044.090163, Logical Clock Time - 320, Queue Length - 0
INFO:root:Internal Event: System Time - 1678134044.262912, Logical Clock Time - 321, Queue Length - 0
INFO:root:Internal Event: System Time - 1678134044.432409, Logical Clock Time - 322, Queue Length - 0
INFO:root:Internal Event: System Time - 1678134044.604169, Logical Clock Time - 323, Queue Length - 0
INFO:root:Sent Message: System Time - 1678134044.774389, Logical Clock Time - 324, Queue Length - 0, Message - [machine 1, task 3] the time is 323
INFO:root:Internal Event: System Time - 1678134044.945798, Logical Clock Time - 325, Queue Length - 0
INFO:root:Sent Message: System Time - 1678134045.1190898, Logical Clock Time - 326, Queue Length - 0, Message - [machine 1, task 1] the time is 325
INFO:root:Internal Event: System Time - 1678134045.2906592, Logical Clock Time - 327, Queue Length - 0
INFO:root:Sent Message: System Time - 1678134045.463074, Logical Clock Time - 328, Queue Length - 0, Message - [machine 1, task 3] the time is 327
INFO:root:Sent Message: System Time - 1678134045.636836, Logical Clock Time - 329, Queue Length - 0, Message - [machine 1, task 1] the time is 328
INFO:root:Internal Event: System Time - 1678134045.807955, Logical Clock Time - 330, Queue Length - 0
INFO:root:Internal Event: System Time - 1678134045.976146, Logical Clock Time - 331, Queue Length - 0
INFO:root:Internal Event: System Time - 1678134046.149892, Logical Clock Time - 332, Queue Length - 0
INFO:root:Sent Message: System Time - 1678134046.32437, Logical Clock Time - 333, Queue Length - 0, Message - [machine 1, task 3] the time is 332
INFO:root:Internal Event: System Time - 1678134046.495668, Logical Clock Time - 334, Queue Length - 0
INFO:root:Internal Event: System Time - 1678134046.668461, Logical Clock Time - 335, Queue Length - 0
INFO:root:Internal Event: System Time - 1678134046.8423622, Logical Clock Time - 336, Queue Length - 0
INFO:root:Internal Event: System Time - 1678134047.014472, Logical Clock Time - 337, Queue Length - 0
INFO:root:Sent Message: System Time - 1678134047.1848881, Logical Clock Time - 338, Queue Length - 0, Message - [machine 1, task 1] the time is 337
INFO:root:Sent Message: System Time - 1678134047.355736, Logical Clock Time - 339, Queue Length - 0, Message - [machine 1, task 3] the time is 338
INFO:root:Sent Message: System Time - 1678134047.525013, Logical Clock Time - 340, Queue Length - 0, Message - [machine 1, task 1] the time is 339
INFO:root:Sent Message: System Time - 1678134047.698925, Logical Clock Time - 341, Queue Length - 0, Message - [machine 1, task 3] the time is 340
INFO:root:Internal Event: System Time - 1678134047.887926, Logical Clock Time - 342, Queue Length - 0
INFO:root:Internal Event: System Time - 1678134048.061997, Logical Clock Time - 343, Queue Length - 0
INFO:root:Internal Event: System Time - 1678134048.235706, Logical Clock Time - 344, Queue Length - 0
INFO:root:Received Message: System Time - 1678134048.409313, Logical Clock Time - 345, Queue Length - 0
INFO:root:Internal Event: System Time - 1678134048.583462, Logical Clock Time - 346, Queue Length - 0
INFO:root:Internal Event: System Time - 1678134048.752857, Logical Clock Time - 347, Queue Length - 0
INFO:root:Sent Message: System Time - 1678134048.9281511, Logical Clock Time - 348, Queue Length - 0, Message - [machine 1, task 3] the time is 347
INFO:root:Sent Message: System Time - 1678134049.102835, Logical Clock Time - 349, Queue Length - 0, Message - [machine 1, task 2] the time is 348
