INFO:root:Clock Speed: 6
INFO:root:Internal Event: System Time - 1678133876.5271811, Logical Clock Time - 1, Queue Length - 0
INFO:root:Internal Event: System Time - 1678133876.7032058, Logical Clock Time - 2, Queue Length - 0
INFO:root:Internal Event: System Time - 1678133876.877105, Logical Clock Time - 3, Queue Length - 0
INFO:root:Received Message: System Time - 1678133877.050585, Logical Clock Time - 4, Queue Length - 0
INFO:root:Received Message: System Time - 1678133877.2241971, Logical Clock Time - 5, Queue Length - 0
INFO:root:Internal Event: System Time - 1678133877.3938031, Logical Clock Time - 6, Queue Length - 0
INFO:root:Sent Message: System Time - 1678133877.567745, Logical Clock Time - 7, Queue Length - 0, Message - [machine 1, task 2] the time is 6
INFO:root:Sent Message: System Time - 1678133877.74211, Logical Clock Time - 8, Queue Length - 0, Message - [machine 1, task 2] the time is 7
INFO:root:Internal Event: System Time - 1678133877.915135, Logical Clock Time - 9, Queue Length - 0
INFO:root:Internal Event: System Time - 1678133878.087973, Logical Clock Time - 10, Queue Length - 0
INFO:root:Internal Event: System Time - 1678133878.259657, Logical Clock Time - 11, Queue Length - 0
INFO:root:Internal Event: System Time - 1678133878.433446, Logical Clock Time - 12, Queue Length - 0
INFO:root:Sent Message: System Time - 1678133878.607531, Logical Clock Time - 13, Queue Length - 0, Message - [machine 1, task 3] the time is 12
INFO:root:Internal Event: System Time - 1678133878.777777, Logical Clock Time - 14, Queue Length - 0
INFO:root:Internal Event: System Time - 1678133878.9490461, Logical Clock Time - 15, Queue Length - 0
INFO:root:Internal Event: System Time - 1678133879.118826, Logical Clock Time - 16, Queue Length - 0
INFO:root:Internal Event: System Time - 1678133879.2932742, Logical Clock Time - 17, Queue Length - 0
INFO:root:Sent Message: System Time - 1678133879.466434, Logical Clock Time - 18, Queue Length - 0, Message - [machine 1, task 3] the time is 17
INFO:root:Sent Message: System Time - 1678133879.637005, Logical Clock Time - 19, Queue Length - 0, Message - [machine 1, task 2] the time is 18
INFO:root:Sent Message: System Time - 1678133879.810786, Logical Clock Time - 20, Queue Length - 0, Message - [machine 1, task 3] the time is 19
INFO:root:Internal Event: System Time - 1678133879.9822452, Logical Clock Time - 21, Queue Length - 0
INFO:root:Internal Event: System Time - 1678133880.155448, Logical Clock Time - 22, Queue Length - 0
INFO:root:Internal Event: System Time - 1678133880.329509, Logical Clock Time - 23, Queue Length - 0
INFO:root:Internal Event: System Time - 1678133880.5030699, Logical Clock Time - 24, Queue Length - 0
INFO:root:Sent Message: System Time - 1678133880.677734, Logical Clock Time - 25, Queue Length - 0, Message - [machine 1, task 3] the time is 24
INFO:root:Internal Event: System Time - 1678133880.851197, Logical Clock Time - 26, Queue Length - 0
INFO:root:Internal Event: System Time - 1678133881.023631, Logical Clock Time - 27, Queue Length - 0
INFO:root:Internal Event: System Time - 1678133881.1961432, Logical Clock Time - 28, Queue Length - 0
INFO:root:Sent Message: System Time - 1678133881.369826, Logical Clock Time - 29, Queue Length - 0, Message - [machine 1, task 2] the time is 28
INFO:root:Internal Event: System Time - 1678133881.5439339, Logical Clock Time - 30, Queue Length - 0
INFO:root:Internal Event: System Time - 1678133881.711914, Logical Clock Time - 31, Queue Length - 0
INFO:root:Sent Message: System Time - 1678133881.885938, Logical Clock Time - 32, Queue Length - 0, Message - [machine 1, task 2] the time is 31
INFO:root:Internal Event: System Time - 1678133882.05679, Logical Clock Time - 33, Queue Length - 0
INFO:root:Sent Message: System Time - 1678133882.229654, Logical Clock Time - 34, Queue Length - 0, Message - [machine 1, task 3] the time is 33
INFO:root:Internal Event: System Time - 1678133882.402387, Logical Clock Time - 35, Queue Length - 0
INFO:root:Internal Event: System Time - 1678133882.576826, Logical Clock Time - 36, Queue Length - 0
INFO:root:Sent Message: System Time - 1678133882.7490718, Logical Clock Time - 37, Queue Length - 0, Message - [machine 1, task 2] the time is 36
INFO:root:Internal Event: System Time - 1678133882.923373, Logical Clock Time - 38, Queue Length - 0
INFO:root:Internal Event: System Time - 1678133883.094017, Logical Clock Time - 39, Queue Length - 0
INFO:root:Internal Event: System Time - 1678133883.2665448, Logical Clock Time - 40, Queue Length - 0
INFO:root:Received Message: System Time - 1678133883.440863, Logical Clock Time - 41, Queue Length - 0
INFO:root:Sent Message: System Time - 1678133883.609853, Logical Clock Time - 42, Queue Length - 0, Message - [machine 1, task 3] the time is 41
INFO:root:Internal Event: System Time - 1678133883.784126, Logical Clock Time - 43, Queue Length - 0
INFO:root:Internal Event: System Time - 1678133883.957962, Logical Clock Time - 44, Queue Length - 0
INFO:root:Internal Event: System Time - 1678133884.130602, Logical Clock Time - 45, Queue Length - 0
INFO:root:Internal Event: System Time - 1678133884.30414, Logical Clock Time - 46, Queue Length - 0
INFO:root:Received Message: System Time - 1678133884.478423, Logical Clock Time - 47, Queue Length - 0
INFO:root:Internal Event: System Time - 1678133884.651577, Logical Clock Time - 48, Queue Length - 0
INFO:root:Internal Event: System Time - 1678133884.822987, Logical Clock Time - 49, Queue Length - 0
INFO:root:Internal Event: System Time - 1678133884.992308, Logical Clock Time - 50, Queue Length - 0
INFO:root:Internal Event: System Time - 1678133885.161912, Logical Clock Time - 51, Queue Length - 0
INFO:root:Sent Message: System Time - 1678133885.334006, Logical Clock Time - 52, Queue Length - 0, Message - [machine 1, task 3] the time is 51
INFO:root:Internal Event: System Time - 1678133885.5044968, Logical Clock Time - 53, Queue Length - 0
INFO:root:Internal Event: System Time - 1678133885.675071, Logical Clock Time - 54, Queue Length - 0
INFO:root:Internal Event: System Time - 1678133885.847187, Logical Clock Time - 55, Queue Length - 0
INFO:root:Internal Event: System Time - 1678133886.020673, Logical Clock Time - 56, Queue Length - 0
INFO:root:Internal Event: System Time - 1678133886.1944041, Logical Clock Time - 57, Queue Length - 0
INFO:root:Received Message: System Time - 1678133886.3639958, Logical Clock Time - 58, Queue Length - 0
INFO:root:Internal Event: System Time - 1678133886.536782, Logical Clock Time - 59, Queue Length - 0
INFO:root:Received Message: System Time - 1678133886.711066, Logical Clock Time - 60, Queue Length - 0
INFO:root:Internal Event: System Time - 1678133886.884272, Logical Clock Time - 61, Queue Length - 0
INFO:root:Received Message: System Time - 1678133887.058583, Logical Clock Time - 62, Queue Length - 0
INFO:root:Internal Event: System Time - 1678133887.232648, Logical Clock Time - 63, Queue Length - 0
INFO:root:Received Message: System Time - 1678133887.402841, Logical Clock Time - 64, Queue Length - 0
INFO:root:Internal Event: System Time - 1678133887.576669, Logical Clock Time - 65, Queue Length - 0
INFO:root:Internal Event: System Time - 1678133887.749913, Logical Clock Time - 66, Queue Length - 0
INFO:root:Internal Event: System Time - 1678133887.923916, Logical Clock Time - 67, Queue Length - 0
INFO:root:Sent Message: System Time - 1678133888.098465, Logical Clock Time - 68, Queue Length - 0, Message - [machine 1, task 1] the time is 67
INFO:root:Internal Event: System Time - 1678133888.327563, Logical Clock Time - 69, Queue Length - 0
INFO:root:Sent Message: System Time - 1678133888.500993, Logical Clock Time - 70, Queue Length - 0, Message - [machine 1, task 3] the time is 69
INFO:root:Sent Message: System Time - 1678133888.674897, Logical Clock Time - 71, Queue Length - 0, Message - [machine 1, task 1] the time is 70
INFO:root:Internal Event: System Time - 1678133888.847404, Logical Clock Time - 72, Queue Length - 0
INFO:root:Sent Message: System Time - 1678133889.0216079, Logical Clock Time - 73, Queue Length - 0, Message - [machine 1, task 2] the time is 72
INFO:root:Internal Event: System Time - 1678133889.195709, Logical Clock Time - 74, Queue Length - 0
INFO:root:Sent Message: System Time - 1678133889.368453, Logical Clock Time - 75, Queue Length - 0, Message - [machine 1, task 2] the time is 74
INFO:root:Internal Event: System Time - 1678133889.543197, Logical Clock Time - 76, Queue Length - 0
INFO:root:Sent Message: System Time - 1678133889.714166, Logical Clock Time - 77, Queue Length - 0, Message - [machine 1, task 1] the time is 76
INFO:root:Internal Event: System Time - 1678133889.8876932, Logical Clock Time - 78, Queue Length - 0
INFO:root:Internal Event: System Time - 1678133890.060561, Logical Clock Time - 79, Queue Length - 0
INFO:root:Internal Event: System Time - 1678133890.2303202, Logical Clock Time - 80, Queue Length - 0
INFO:root:Received Message: System Time - 1678133890.402069, Logical Clock Time - 81, Queue Length - 0
INFO:root:Internal Event: System Time - 1678133890.571784, Logical Clock Time - 82, Queue Length - 0
INFO:root:Internal Event: System Time - 1678133890.743917, Logical Clock Time - 83, Queue Length - 0
INFO:root:Sent Message: System Time - 1678133890.9183738, Logical Clock Time - 84, Queue Length - 0, Message - [machine 1, task 3] the time is 83
INFO:root:Sent Message: System Time - 1678133891.0929852, Logical Clock Time - 85, Queue Length - 0, Message - [machine 1, task 2] the time is 84
INFO:root:Internal Event: System Time - 1678133891.262939, Logical Clock Time - 86, Queue Length - 0
INFO:root:Sent Message: System Time - 1678133891.432608, Logical Clock Time - 87, Queue Length - 0, Message - [machine 1, task 3] the time is 86
INFO:root:Internal Event: System Time - 1678133891.605768, Logical Clock Time - 88, Queue Length - 0
INFO:root:Sent Message: System Time - 1678133891.777306, Logical Clock Time - 89, Queue Length - 0, Message - [machine 1, task 2] the time is 88
INFO:root:Internal Event: System Time - 1678133891.9502022, Logical Clock Time - 90, Queue Length - 0
INFO:root:Internal Event: System Time - 1678133892.121421, Logical Clock Time - 91, Queue Length - 0
INFO:root:Sent Message: System Time - 1678133892.2946591, Logical Clock Time - 92, Queue Length - 0, Message - [machine 1, task 3] the time is 91
INFO:root:Internal Event: System Time - 1678133892.467808, Logical Clock Time - 93, Queue Length - 0
INFO:root:Internal Event: System Time - 1678133892.6404312, Logical Clock Time - 94, Queue Length - 0
INFO:root:Internal Event: System Time - 1678133892.811112, Logical Clock Time - 95, Queue Length - 0
INFO:root:Internal Event: System Time - 1678133892.984898, Logical Clock Time - 96, Queue Length - 0
INFO:root:Internal Event: System Time - 1678133893.158269, Logical Clock Time - 97, Queue Length - 0
INFO:root:Internal Event: System Time - 1678133893.3264089, Logical Clock Time - 98, Queue Length - 0
INFO:root:Internal Event: System Time - 1678133893.5008152, Logical Clock Time - 99, Queue Length - 0
INFO:root:Internal Event: System Time - 1678133893.672191, Logical Clock Time - 100, Queue Length - 0
INFO:root:Internal Event: System Time - 1678133893.8465102, Logical Clock Time - 101, Queue Length - 0
INFO:root:Received Message: System Time - 1678133894.0211132, Logical Clock Time - 102, Queue Length - 0
INFO:root:Internal Event: System Time - 1678133894.1908329, Logical Clock Time - 103, Queue Length - 0
INFO:root:Internal Event: System Time - 1678133894.3631942, Logical Clock Time - 104, Queue Length - 0
INFO:root:Received Message: System Time - 1678133894.5373042, Logical Clock Time - 105, Queue Length - 0
INFO:root:Internal Event: System Time - 1678133894.712407, Logical Clock Time - 106, Queue Length - 0
INFO:root:Received Message: System Time - 1678133894.885619, Logical Clock Time - 107, Queue Length - 0
INFO:root:Internal Event: System Time - 1678133895.0594702, Logical Clock Time - 108, Queue Length - 0
INFO:root:Internal Event: System Time - 1678133895.234046, Logical Clock Time - 109, Queue Length - 0
INFO:root:Internal Event: System Time - 1678133895.4049091, Logical Clock Time - 110, Queue Length - 0
INFO:root:Sent Message: System Time - 1678133895.5798662, Logical Clock Time - 111, Queue Length - 0, Message - [machine 1, task 1] the time is 110
INFO:root:Internal Event: System Time - 1678133895.753579, Logical Clock Time - 112, Queue Length - 0
INFO:root:Internal Event: System Time - 1678133895.9283578, Logical Clock Time - 113, Queue Length - 0
INFO:root:Sent Message: System Time - 1678133896.103214, Logical Clock Time - 114, Queue Length - 0, Message - [machine 1, task 1] the time is 113
INFO:root:Received Message: System Time - 1678133896.273762, Logical Clock Time - 115, Queue Length - 0
INFO:root:Sent Message: System Time - 1678133896.444061, Logical Clock Time - 116, Queue Length - 0, Message - [machine 1, task 1] the time is 115
INFO:root:Internal Event: System Time - 1678133896.618197, Logical Clock Time - 117, Queue Length - 0
INFO:root:Sent Message: System Time - 1678133896.7929869, Logical Clock Time - 118, Queue Length - 0, Message - [machine 1, task 1] the time is 117
INFO:root:Sent Message: System Time - 1678133896.967289, Logical Clock Time - 119, Queue Length - 0, Message - [machine 1, task 3] the time is 118
INFO:root:Sent Message: System Time - 1678133897.1421828, Logical Clock Time - 120, Queue Length - 0, Message - [machine 1, task 1] the time is 119
INFO:root:Internal Event: System Time - 1678133897.316479, Logical Clock Time - 121, Queue Length - 0
INFO:root:Internal Event: System Time - 1678133897.491232, Logical Clock Time - 122, Queue Length - 0
INFO:root:Internal Event: System Time - 1678133897.661033, Logical Clock Time - 123, Queue Length - 0
INFO:root:Internal Event: System Time - 1678133897.833544, Logical Clock Time - 124, Queue Length - 0
INFO:root:Internal Event: System Time - 1678133898.00442, Logical Clock Time - 125, Queue Length - 0
INFO:root:Internal Event: System Time - 1678133898.1778612, Logical Clock Time - 126, Queue Length - 0
INFO:root:Internal Event: System Time - 1678133898.351646, Logical Clock Time - 127, Queue Length - 0
INFO:root:Internal Event: System Time - 1678133898.526017, Logical Clock Time - 128, Queue Length - 0
INFO:root:Received Message: System Time - 1678133898.698408, Logical Clock Time - 129, Queue Length - 0
INFO:root:Internal Event: System Time - 1678133898.8679092, Logical Clock Time - 130, Queue Length - 0
INFO:root:Sent Message: System Time - 1678133899.039138, Logical Clock Time - 131, Queue Length - 0, Message - [machine 1, task 2] the time is 130
INFO:root:Received Message: System Time - 1678133899.213844, Logical Clock Time - 132, Queue Length - 0
INFO:root:Received Message: System Time - 1678133899.3864791, Logical Clock Time - 133, Queue Length - 0
INFO:root:Internal Event: System Time - 1678133899.557407, Logical Clock Time - 134, Queue Length - 0
INFO:root:Internal Event: System Time - 1678133899.728981, Logical Clock Time - 135, Queue Length - 0
INFO:root:Sent Message: System Time - 1678133899.900485, Logical Clock Time - 136, Queue Length - 0, Message - [machine 1, task 3] the time is 135
INFO:root:Internal Event: System Time - 1678133900.074634, Logical Clock Time - 137, Queue Length - 0
INFO:root:Internal Event: System Time - 1678133900.249568, Logical Clock Time - 138, Queue Length - 0
INFO:root:Internal Event: System Time - 1678133900.424271, Logical Clock Time - 139, Queue Length - 0
INFO:root:Internal Event: System Time - 1678133900.594202, Logical Clock Time - 140, Queue Length - 0
INFO:root:Internal Event: System Time - 1678133900.763869, Logical Clock Time - 141, Queue Length - 0
INFO:root:Sent Message: System Time - 1678133900.938884, Logical Clock Time - 142, Queue Length - 0, Message - [machine 1, task 1] the time is 141
INFO:root:Internal Event: System Time - 1678133901.1120052, Logical Clock Time - 143, Queue Length - 0
INFO:root:Sent Message: System Time - 1678133901.2853498, Logical Clock Time - 144, Queue Length - 0, Message - [machine 1, task 1] the time is 143
INFO:root:Internal Event: System Time - 1678133901.455672, Logical Clock Time - 145, Queue Length - 0
INFO:root:Internal Event: System Time - 1678133901.629591, Logical Clock Time - 146, Queue Length - 0
INFO:root:Sent Message: System Time - 1678133901.7995698, Logical Clock Time - 147, Queue Length - 0, Message - [machine 1, task 1] the time is 146
INFO:root:Internal Event: System Time - 1678133901.974551, Logical Clock Time - 148, Queue Length - 0
INFO:root:Sent Message: System Time - 1678133902.1450791, Logical Clock Time - 149, Queue Length - 0, Message - [machine 1, task 3] the time is 148
INFO:root:Sent Message: System Time - 1678133902.3184981, Logical Clock Time - 150, Queue Length - 0, Message - [machine 1, task 3] the time is 149
INFO:root:Sent Message: System Time - 1678133902.49278, Logical Clock Time - 151, Queue Length - 0, Message - [machine 1, task 3] the time is 150
INFO:root:Sent Message: System Time - 1678133902.661859, Logical Clock Time - 152, Queue Length - 0, Message - [machine 1, task 2] the time is 151
INFO:root:Internal Event: System Time - 1678133902.83152, Logical Clock Time - 153, Queue Length - 0
INFO:root:Sent Message: System Time - 1678133903.001345, Logical Clock Time - 154, Queue Length - 0, Message - [machine 1, task 1] the time is 153
INFO:root:Sent Message: System Time - 1678133903.175206, Logical Clock Time - 155, Queue Length - 0, Message - [machine 1, task 1] the time is 154
INFO:root:Internal Event: System Time - 1678133903.343936, Logical Clock Time - 156, Queue Length - 0
INFO:root:Sent Message: System Time - 1678133903.514245, Logical Clock Time - 157, Queue Length - 0, Message - [machine 1, task 1] the time is 156
INFO:root:Sent Message: System Time - 1678133903.685833, Logical Clock Time - 158, Queue Length - 0, Message - [machine 1, task 1] the time is 157
INFO:root:Internal Event: System Time - 1678133903.856388, Logical Clock Time - 159, Queue Length - 0
INFO:root:Internal Event: System Time - 1678133904.0279949, Logical Clock Time - 160, Queue Length - 0
INFO:root:Internal Event: System Time - 1678133904.201674, Logical Clock Time - 161, Queue Length - 0
INFO:root:Internal Event: System Time - 1678133904.374259, Logical Clock Time - 162, Queue Length - 0
INFO:root:Received Message: System Time - 1678133904.548922, Logical Clock Time - 163, Queue Length - 0
INFO:root:Internal Event: System Time - 1678133904.719176, Logical Clock Time - 164, Queue Length - 0
INFO:root:Internal Event: System Time - 1678133904.889313, Logical Clock Time - 165, Queue Length - 0
INFO:root:Internal Event: System Time - 1678133905.061346, Logical Clock Time - 166, Queue Length - 0
INFO:root:Internal Event: System Time - 1678133905.235431, Logical Clock Time - 167, Queue Length - 0
INFO:root:Internal Event: System Time - 1678133905.4096482, Logical Clock Time - 168, Queue Length - 0
INFO:root:Internal Event: System Time - 1678133905.579587, Logical Clock Time - 169, Queue Length - 0
INFO:root:Sent Message: System Time - 1678133905.750314, Logical Clock Time - 170, Queue Length - 0, Message - [machine 1, task 1] the time is 169
INFO:root:Sent Message: System Time - 1678133905.9252758, Logical Clock Time - 171, Queue Length - 0, Message - [machine 1, task 2] the time is 170
INFO:root:Internal Event: System Time - 1678133906.096437, Logical Clock Time - 172, Queue Length - 0
INFO:root:Internal Event: System Time - 1678133906.269871, Logical Clock Time - 173, Queue Length - 0
INFO:root:Internal Event: System Time - 1678133906.444963, Logical Clock Time - 174, Queue Length - 0
INFO:root:Internal Event: System Time - 1678133906.6151838, Logical Clock Time - 175, Queue Length - 0
INFO:root:Received Message: System Time - 1678133906.7875578, Logical Clock Time - 176, Queue Length - 0
INFO:root:Internal Event: System Time - 1678133906.960206, Logical Clock Time - 177, Queue Length - 0
INFO:root:Internal Event: System Time - 1678133907.131218, Logical Clock Time - 178, Queue Length - 0
INFO:root:Received Message: System Time - 1678133907.3042161, Logical Clock Time - 179, Queue Length - 0
INFO:root:Received Message: System Time - 1678133907.4792051, Logical Clock Time - 180, Queue Length - 0
INFO:root:Internal Event: System Time - 1678133907.653312, Logical Clock Time - 181, Queue Length - 0
INFO:root:Received Message: System Time - 1678133907.827282, Logical Clock Time - 182, Queue Length - 0
INFO:root:Internal Event: System Time - 1678133908.00144, Logical Clock Time - 183, Queue Length - 0
INFO:root:Internal Event: System Time - 1678133908.1712692, Logical Clock Time - 184, Queue Length - 0
INFO:root:Internal Event: System Time - 1678133908.345537, Logical Clock Time - 185, Queue Length - 0
INFO:root:Sent Message: System Time - 1678133908.520152, Logical Clock Time - 186, Queue Length - 0, Message - [machine 1, task 3] the time is 185
INFO:root:Sent Message: System Time - 1678133908.6945941, Logical Clock Time - 187, Queue Length - 0, Message - [machine 1, task 1] the time is 186
INFO:root:Internal Event: System Time - 1678133908.8692648, Logical Clock Time - 188, Queue Length - 0
INFO:root:Internal Event: System Time - 1678133909.0409138, Logical Clock Time - 189, Queue Length - 0
INFO:root:Internal Event: System Time - 1678133909.211721, Logical Clock Time - 190, Queue Length - 0
INFO:root:Internal Event: System Time - 1678133909.384089, Logical Clock Time - 191, Queue Length - 0
INFO:root:Sent Message: System Time - 1678133909.554016, Logical Clock Time - 192, Queue Length - 0, Message - [machine 1, task 2] the time is 191
INFO:root:Internal Event: System Time - 1678133909.724278, Logical Clock Time - 193, Queue Length - 0
INFO:root:Received Message: System Time - 1678133909.894757, Logical Clock Time - 194, Queue Length - 0
INFO:root:Internal Event: System Time - 1678133910.068428, Logical Clock Time - 195, Queue Length - 0
INFO:root:Received Message: System Time - 1678133910.237729, Logical Clock Time - 196, Queue Length - 0
INFO:root:Sent Message: System Time - 1678133910.412131, Logical Clock Time - 197, Queue Length - 0, Message - [machine 1, task 3] the time is 196
INFO:root:Internal Event: System Time - 1678133910.5859299, Logical Clock Time - 198, Queue Length - 0
INFO:root:Sent Message: System Time - 1678133910.760295, Logical Clock Time - 199, Queue Length - 0, Message - [machine 1, task 2] the time is 198
INFO:root:Internal Event: System Time - 1678133910.931251, Logical Clock Time - 200, Queue Length - 0
INFO:root:Internal Event: System Time - 1678133911.102849, Logical Clock Time - 201, Queue Length - 0
INFO:root:Internal Event: System Time - 1678133911.275436, Logical Clock Time - 202, Queue Length - 0
INFO:root:Received Message: System Time - 1678133911.450068, Logical Clock Time - 203, Queue Length - 0
INFO:root:Received Message: System Time - 1678133911.6201441, Logical Clock Time - 204, Queue Length - 0
INFO:root:Sent Message: System Time - 1678133911.79422, Logical Clock Time - 205, Queue Length - 0, Message - [machine 1, task 2] the time is 204
INFO:root:Internal Event: System Time - 1678133911.963423, Logical Clock Time - 206, Queue Length - 0
INFO:root:Sent Message: System Time - 1678133912.1373818, Logical Clock Time - 207, Queue Length - 0, Message - [machine 1, task 1] the time is 206
INFO:root:Internal Event: System Time - 1678133912.310654, Logical Clock Time - 208, Queue Length - 0
INFO:root:Sent Message: System Time - 1678133912.4850361, Logical Clock Time - 209, Queue Length - 0, Message - [machine 1, task 3] the time is 208
INFO:root:Internal Event: System Time - 1678133912.65923, Logical Clock Time - 210, Queue Length - 0
INFO:root:Internal Event: System Time - 1678133912.832772, Logical Clock Time - 211, Queue Length - 0
INFO:root:Sent Message: System Time - 1678133913.003946, Logical Clock Time - 212, Queue Length - 0, Message - [machine 1, task 3] the time is 211
INFO:root:Sent Message: System Time - 1678133913.17835, Logical Clock Time - 213, Queue Length - 0, Message - [machine 1, task 2] the time is 212
INFO:root:Internal Event: System Time - 1678133913.3509362, Logical Clock Time - 214, Queue Length - 0
INFO:root:Sent Message: System Time - 1678133913.522397, Logical Clock Time - 215, Queue Length - 0, Message - [machine 1, task 1] the time is 214
INFO:root:Sent Message: System Time - 1678133913.696942, Logical Clock Time - 216, Queue Length - 0, Message - [machine 1, task 2] the time is 215
INFO:root:Internal Event: System Time - 1678133913.869323, Logical Clock Time - 217, Queue Length - 0
INFO:root:Received Message: System Time - 1678133914.0435991, Logical Clock Time - 218, Queue Length - 0
INFO:root:Sent Message: System Time - 1678133914.21733, Logical Clock Time - 219, Queue Length - 0, Message - [machine 1, task 1] the time is 218
INFO:root:Internal Event: System Time - 1678133914.389631, Logical Clock Time - 220, Queue Length - 0
INFO:root:Internal Event: System Time - 1678133914.560606, Logical Clock Time - 221, Queue Length - 0
INFO:root:Internal Event: System Time - 1678133914.7344482, Logical Clock Time - 222, Queue Length - 0
INFO:root:Received Message: System Time - 1678133914.907796, Logical Clock Time - 223, Queue Length - 0
INFO:root:Internal Event: System Time - 1678133915.0776699, Logical Clock Time - 224, Queue Length - 0
INFO:root:Received Message: System Time - 1678133915.249781, Logical Clock Time - 225, Queue Length - 0
INFO:root:Sent Message: System Time - 1678133915.41829, Logical Clock Time - 226, Queue Length - 0, Message - [machine 1, task 2] the time is 225
INFO:root:Internal Event: System Time - 1678133915.591687, Logical Clock Time - 227, Queue Length - 0
INFO:root:Sent Message: System Time - 1678133915.762573, Logical Clock Time - 228, Queue Length - 0, Message - [machine 1, task 2] the time is 227
INFO:root:Sent Message: System Time - 1678133915.93288, Logical Clock Time - 229, Queue Length - 0, Message - [machine 1, task 1] the time is 228
INFO:root:Internal Event: System Time - 1678133916.1027079, Logical Clock Time - 230, Queue Length - 0
INFO:root:Sent Message: System Time - 1678133916.2734442, Logical Clock Time - 231, Queue Length - 0, Message - [machine 1, task 3] the time is 230
INFO:root:Sent Message: System Time - 1678133916.4478521, Logical Clock Time - 232, Queue Length - 0, Message - [machine 1, task 1] the time is 231
INFO:root:Internal Event: System Time - 1678133916.620064, Logical Clock Time - 233, Queue Length - 0
INFO:root:Internal Event: System Time - 1678133916.790336, Logical Clock Time - 234, Queue Length - 0
INFO:root:Internal Event: System Time - 1678133916.9630542, Logical Clock Time - 235, Queue Length - 0
INFO:root:Internal Event: System Time - 1678133917.136058, Logical Clock Time - 236, Queue Length - 0
INFO:root:Received Message: System Time - 1678133917.306727, Logical Clock Time - 237, Queue Length - 0
INFO:root:Sent Message: System Time - 1678133917.477242, Logical Clock Time - 238, Queue Length - 0, Message - [machine 1, task 3] the time is 237
INFO:root:Sent Message: System Time - 1678133917.648654, Logical Clock Time - 239, Queue Length - 0, Message - [machine 1, task 1] the time is 238
INFO:root:Internal Event: System Time - 1678133917.822618, Logical Clock Time - 240, Queue Length - 0
INFO:root:Sent Message: System Time - 1678133917.994999, Logical Clock Time - 241, Queue Length - 0, Message - [machine 1, task 1] the time is 240
INFO:root:Sent Message: System Time - 1678133918.1689339, Logical Clock Time - 242, Queue Length - 0, Message - [machine 1, task 2] the time is 241
INFO:root:Internal Event: System Time - 1678133918.340142, Logical Clock Time - 243, Queue Length - 0
INFO:root:Internal Event: System Time - 1678133918.5144582, Logical Clock Time - 244, Queue Length - 0
INFO:root:Internal Event: System Time - 1678133918.687444, Logical Clock Time - 245, Queue Length - 0
INFO:root:Internal Event: System Time - 1678133918.8621068, Logical Clock Time - 246, Queue Length - 0
INFO:root:Sent Message: System Time - 1678133919.03159, Logical Clock Time - 247, Queue Length - 0, Message - [machine 1, task 1] the time is 246
INFO:root:Internal Event: System Time - 1678133919.202677, Logical Clock Time - 248, Queue Length - 0
INFO:root:Internal Event: System Time - 1678133919.3726878, Logical Clock Time - 249, Queue Length - 0
INFO:root:Internal Event: System Time - 1678133919.54442, Logical Clock Time - 250, Queue Length - 0
INFO:root:Received Message: System Time - 1678133919.713693, Logical Clock Time - 251, Queue Length - 0
INFO:root:Internal Event: System Time - 1678133919.8873951, Logical Clock Time - 252, Queue Length - 0
INFO:root:Received Message: System Time - 1678133920.061013, Logical Clock Time - 253, Queue Length - 0
INFO:root:Sent Message: System Time - 1678133920.234973, Logical Clock Time - 254, Queue Length - 0, Message - [machine 1, task 2] the time is 253
INFO:root:Internal Event: System Time - 1678133920.4096372, Logical Clock Time - 255, Queue Length - 0
INFO:root:Internal Event: System Time - 1678133920.5823622, Logical Clock Time - 256, Queue Length - 0
INFO:root:Received Message: System Time - 1678133920.755092, Logical Clock Time - 257, Queue Length - 0
INFO:root:Sent Message: System Time - 1678133920.929745, Logical Clock Time - 258, Queue Length - 0, Message - [machine 1, task 3] the time is 257
INFO:root:Internal Event: System Time - 1678133921.1025548, Logical Clock Time - 259, Queue Length - 0
INFO:root:Internal Event: System Time - 1678133921.275821, Logical Clock Time - 260, Queue Length - 0
INFO:root:Received Message: System Time - 1678133921.444839, Logical Clock Time - 261, Queue Length - 0
INFO:root:Internal Event: System Time - 1678133921.615992, Logical Clock Time - 262, Queue Length - 0
INFO:root:Internal Event: System Time - 1678133921.7875998, Logical Clock Time - 263, Queue Length - 0
INFO:root:Internal Event: System Time - 1678133921.9608471, Logical Clock Time - 264, Queue Length - 0
INFO:root:Sent Message: System Time - 1678133922.135506, Logical Clock Time - 265, Queue Length - 0, Message - [machine 1, task 2] the time is 264
INFO:root:Internal Event: System Time - 1678133922.3095832, Logical Clock Time - 266, Queue Length - 0
INFO:root:Internal Event: System Time - 1678133922.4843972, Logical Clock Time - 267, Queue Length - 0
INFO:root:Internal Event: System Time - 1678133922.655015, Logical Clock Time - 268, Queue Length - 0
INFO:root:Internal Event: System Time - 1678133922.824925, Logical Clock Time - 269, Queue Length - 0
INFO:root:Internal Event: System Time - 1678133922.994668, Logical Clock Time - 270, Queue Length - 0
INFO:root:Sent Message: System Time - 1678133923.166313, Logical Clock Time - 271, Queue Length - 0, Message - [machine 1, task 2] the time is 270
INFO:root:Internal Event: System Time - 1678133923.336145, Logical Clock Time - 272, Queue Length - 0
INFO:root:Sent Message: System Time - 1678133923.509758, Logical Clock Time - 273, Queue Length - 0, Message - [machine 1, task 3] the time is 272
INFO:root:Internal Event: System Time - 1678133923.678696, Logical Clock Time - 274, Queue Length - 0
INFO:root:Internal Event: System Time - 1678133923.8516538, Logical Clock Time - 275, Queue Length - 0
INFO:root:Received Message: System Time - 1678133924.021438, Logical Clock Time - 276, Queue Length - 0
INFO:root:Sent Message: System Time - 1678133924.1937652, Logical Clock Time - 277, Queue Length - 0, Message - [machine 1, task 1] the time is 276
INFO:root:Internal Event: System Time - 1678133924.36404, Logical Clock Time - 278, Queue Length - 0
INFO:root:Sent Message: System Time - 1678133924.535935, Logical Clock Time - 279, Queue Length - 0, Message - [machine 1, task 3] the time is 278
INFO:root:Sent Message: System Time - 1678133924.710567, Logical Clock Time - 280, Queue Length - 0, Message - [machine 1, task 3] the time is 279
INFO:root:Internal Event: System Time - 1678133924.880577, Logical Clock Time - 281, Queue Length - 0
INFO:root:Sent Message: System Time - 1678133925.052425, Logical Clock Time - 282, Queue Length - 0, Message - [machine 1, task 2] the time is 281
INFO:root:Internal Event: System Time - 1678133925.221378, Logical Clock Time - 283, Queue Length - 0
INFO:root:Internal Event: System Time - 1678133925.394979, Logical Clock Time - 284, Queue Length - 0
INFO:root:Sent Message: System Time - 1678133925.5689468, Logical Clock Time - 285, Queue Length - 0, Message - [machine 1, task 1] the time is 284
INFO:root:Internal Event: System Time - 1678133925.7388391, Logical Clock Time - 286, Queue Length - 0
INFO:root:Sent Message: System Time - 1678133925.9111412, Logical Clock Time - 287, Queue Length - 0, Message - [machine 1, task 3] the time is 286
INFO:root:Sent Message: System Time - 1678133926.0860338, Logical Clock Time - 288, Queue Length - 0, Message - [machine 1, task 1] the time is 287
INFO:root:Internal Event: System Time - 1678133926.257143, Logical Clock Time - 289, Queue Length - 0
INFO:root:Sent Message: System Time - 1678133926.431948, Logical Clock Time - 290, Queue Length - 0, Message - [machine 1, task 1] the time is 289
INFO:root:Sent Message: System Time - 1678133926.606263, Logical Clock Time - 291, Queue Length - 0, Message - [machine 1, task 2] the time is 290
INFO:root:Internal Event: System Time - 1678133926.777844, Logical Clock Time - 292, Queue Length - 0
INFO:root:Internal Event: System Time - 1678133926.951435, Logical Clock Time - 293, Queue Length - 0
INFO:root:Internal Event: System Time - 1678133927.121726, Logical Clock Time - 294, Queue Length - 0
INFO:root:Sent Message: System Time - 1678133927.295189, Logical Clock Time - 295, Queue Length - 0, Message - [machine 1, task 1] the time is 294
INFO:root:Sent Message: System Time - 1678133927.4697201, Logical Clock Time - 296, Queue Length - 0, Message - [machine 1, task 3] the time is 295
INFO:root:Sent Message: System Time - 1678133927.64028, Logical Clock Time - 297, Queue Length - 0, Message - [machine 1, task 3] the time is 296
INFO:root:Internal Event: System Time - 1678133927.81104, Logical Clock Time - 298, Queue Length - 0
INFO:root:Sent Message: System Time - 1678133927.983389, Logical Clock Time - 299, Queue Length - 0, Message - [machine 1, task 3] the time is 298
INFO:root:Internal Event: System Time - 1678133928.153495, Logical Clock Time - 300, Queue Length - 0
INFO:root:Sent Message: System Time - 1678133928.3279629, Logical Clock Time - 301, Queue Length - 0, Message - [machine 1, task 3] the time is 300
INFO:root:Internal Event: System Time - 1678133928.49781, Logical Clock Time - 302, Queue Length - 0
INFO:root:Internal Event: System Time - 1678133928.669549, Logical Clock Time - 303, Queue Length - 0
INFO:root:Internal Event: System Time - 1678133928.843864, Logical Clock Time - 304, Queue Length - 0
INFO:root:Internal Event: System Time - 1678133929.015073, Logical Clock Time - 305, Queue Length - 0
INFO:root:Sent Message: System Time - 1678133929.1879091, Logical Clock Time - 306, Queue Length - 0, Message - [machine 1, task 3] the time is 305
INFO:root:Internal Event: System Time - 1678133929.3611772, Logical Clock Time - 307, Queue Length - 0
INFO:root:Internal Event: System Time - 1678133929.5349178, Logical Clock Time - 308, Queue Length - 0
INFO:root:Sent Message: System Time - 1678133929.70913, Logical Clock Time - 309, Queue Length - 0, Message - [machine 1, task 3] the time is 308
INFO:root:Internal Event: System Time - 1678133929.882756, Logical Clock Time - 310, Queue Length - 0
INFO:root:Internal Event: System Time - 1678133930.055678, Logical Clock Time - 311, Queue Length - 0
INFO:root:Internal Event: System Time - 1678133930.228149, Logical Clock Time - 312, Queue Length - 0
INFO:root:Sent Message: System Time - 1678133930.402509, Logical Clock Time - 313, Queue Length - 0, Message - [machine 1, task 2] the time is 312
INFO:root:Sent Message: System Time - 1678133930.572565, Logical Clock Time - 314, Queue Length - 0, Message - [machine 1, task 1] the time is 313
INFO:root:Sent Message: System Time - 1678133930.747073, Logical Clock Time - 315, Queue Length - 0, Message - [machine 1, task 1] the time is 314
INFO:root:Internal Event: System Time - 1678133930.917901, Logical Clock Time - 316, Queue Length - 0
INFO:root:Internal Event: System Time - 1678133931.0862331, Logical Clock Time - 317, Queue Length - 0
INFO:root:Internal Event: System Time - 1678133931.25975, Logical Clock Time - 318, Queue Length - 0
INFO:root:Sent Message: System Time - 1678133931.434183, Logical Clock Time - 319, Queue Length - 0, Message - [machine 1, task 3] the time is 318
INFO:root:Internal Event: System Time - 1678133931.6078038, Logical Clock Time - 320, Queue Length - 0
INFO:root:Internal Event: System Time - 1678133931.781905, Logical Clock Time - 321, Queue Length - 0
INFO:root:Internal Event: System Time - 1678133931.952183, Logical Clock Time - 322, Queue Length - 0
INFO:root:Sent Message: System Time - 1678133932.126754, Logical Clock Time - 323, Queue Length - 0, Message - [machine 1, task 1] the time is 322
INFO:root:Received Message: System Time - 1678133932.301416, Logical Clock Time - 324, Queue Length - 0
INFO:root:Internal Event: System Time - 1678133932.472987, Logical Clock Time - 325, Queue Length - 0
INFO:root:Sent Message: System Time - 1678133932.643977, Logical Clock Time - 326, Queue Length - 0, Message - [machine 1, task 2] the time is 325
INFO:root:Internal Event: System Time - 1678133932.817746, Logical Clock Time - 327, Queue Length - 0
INFO:root:Internal Event: System Time - 1678133932.988569, Logical Clock Time - 328, Queue Length - 0
INFO:root:Internal Event: System Time - 1678133933.161642, Logical Clock Time - 329, Queue Length - 0
INFO:root:Internal Event: System Time - 1678133933.3333042, Logical Clock Time - 330, Queue Length - 0
INFO:root:Sent Message: System Time - 1678133933.50761, Logical Clock Time - 331, Queue Length - 0, Message - [machine 1, task 2] the time is 330
INFO:root:Internal Event: System Time - 1678133933.6806688, Logical Clock Time - 332, Queue Length - 0
INFO:root:Internal Event: System Time - 1678133933.851979, Logical Clock Time - 333, Queue Length - 0
INFO:root:Internal Event: System Time - 1678133934.02644, Logical Clock Time - 334, Queue Length - 0
INFO:root:Sent Message: System Time - 1678133934.199478, Logical Clock Time - 335, Queue Length - 0, Message - [machine 1, task 3] the time is 334
INFO:root:Sent Message: System Time - 1678133934.373763, Logical Clock Time - 336, Queue Length - 0, Message - [machine 1, task 3] the time is 335
INFO:root:Internal Event: System Time - 1678133934.54336, Logical Clock Time - 337, Queue Length - 0
INFO:root:Sent Message: System Time - 1678133934.715468, Logical Clock Time - 338, Queue Length - 0, Message - [machine 1, task 1] the time is 337
INFO:root:Sent Message: System Time - 1678133934.885078, Logical Clock Time - 339, Queue Length - 0, Message - [machine 1, task 2] the time is 338
INFO:root:Sent Message: System Time - 1678133935.0547872, Logical Clock Time - 340, Queue Length - 0, Message - [machine 1, task 2] the time is 339
INFO:root:Internal Event: System Time - 1678133935.2283149, Logical Clock Time - 341, Queue Length - 0
INFO:root:Sent Message: System Time - 1678133935.402324, Logical Clock Time - 342, Queue Length - 0, Message - [machine 1, task 3] the time is 341
INFO:root:Sent Message: System Time - 1678133935.571989, Logical Clock Time - 343, Queue Length - 0, Message - [machine 1, task 3] the time is 342
INFO:root:Internal Event: System Time - 1678133935.741601, Logical Clock Time - 344, Queue Length - 0
INFO:root:Sent Message: System Time - 1678133935.912501, Logical Clock Time - 345, Queue Length - 0, Message - [machine 1, task 3] the time is 344
INFO:root:Sent Message: System Time - 1678133936.0862432, Logical Clock Time - 346, Queue Length - 0, Message - [machine 1, task 1] the time is 345
INFO:root:Internal Event: System Time - 1678133936.2601302, Logical Clock Time - 347, Queue Length - 0
INFO:root:Internal Event: System Time - 1678133936.43436, Logical Clock Time - 348, Queue Length - 0
